{"/home/travis/build/npmtest/node-npmtest-tsd/test.js":{"path":"/home/travis/build/npmtest/node-npmtest-tsd/test.js","s":{"1":2,"2":2,"3":2,"4":2,"5":2,"6":2,"7":2,"8":1,"9":2,"10":2,"11":1,"12":1,"13":1,"14":1,"15":2,"16":2,"17":2,"18":2,"19":1,"20":1,"21":2,"22":2,"23":2,"24":1,"25":1,"26":1,"27":1,"28":1,"29":1,"30":1,"31":1,"32":1,"33":1,"34":1,"35":1,"36":1,"37":1,"38":1,"39":2,"40":2,"41":1,"42":2,"43":2,"44":1,"45":2,"46":2,"47":1,"48":2,"49":2,"50":1,"51":1,"52":1,"53":1,"54":1},"b":{"1":[2,1,1,1],"2":[1,1,1,1],"3":[1,1],"4":[1,1],"5":[1,1],"6":[1,1],"7":[1,1],"8":[1,1],"9":[1,1],"10":[1,1,1],"11":[1,1],"12":[1,1],"13":[1,1],"14":[1,1],"15":[1,1],"16":[1,1],"17":[1,1]},"f":{"1":2,"2":2,"3":2,"4":2,"5":2,"6":1,"7":1,"8":1,"9":2,"10":2,"11":2,"12":2,"13":1},"fnMap":{"1":{"name":"(anonymous_1)","line":12,"loc":{"start":{"line":12,"column":1},"end":{"line":12,"column":13}}},"2":{"name":"(anonymous_2)","line":19,"loc":{"start":{"line":19,"column":5},"end":{"line":19,"column":17}}},"3":{"name":"(anonymous_3)","line":23,"loc":{"start":{"line":23,"column":24},"end":{"line":23,"column":36}}},"4":{"name":"(anonymous_4)","line":61,"loc":{"start":{"line":61,"column":5},"end":{"line":61,"column":17}}},"5":{"name":"(anonymous_5)","line":82,"loc":{"start":{"line":82,"column":5},"end":{"line":82,"column":17}}},"6":{"name":"(anonymous_6)","line":91,"loc":{"start":{"line":91,"column":77},"end":{"line":94,"column":10}}},"7":{"name":"(anonymous_7)","line":112,"loc":{"start":{"line":112,"column":83},"end":{"line":115,"column":10}},"skip":true},"8":{"name":"(anonymous_8)","line":123,"loc":{"start":{"line":123,"column":77},"end":{"line":126,"column":10}},"skip":true},"9":{"name":"(anonymous_9)","line":139,"loc":{"start":{"line":139,"column":12},"end":{"line":139,"column":40}},"skip":true},"10":{"name":"(anonymous_10)","line":147,"loc":{"start":{"line":147,"column":77},"end":{"line":150,"column":10}},"skip":true},"11":{"name":"(anonymous_11)","line":158,"loc":{"start":{"line":158,"column":83},"end":{"line":161,"column":10}},"skip":true},"12":{"name":"(anonymous_12)","line":169,"loc":{"start":{"line":169,"column":79},"end":{"line":172,"column":10}},"skip":true},"13":{"name":"(anonymous_13)","line":180,"loc":{"start":{"line":180,"column":75},"end":{"line":183,"column":10}},"skip":true}},"statementMap":{"1":{"start":{"line":12,"column":0},"end":{"line":195,"column":5}},"2":{"start":{"line":14,"column":4},"end":{"line":14,"column":14}},"3":{"start":{"line":19,"column":4},"end":{"line":56,"column":9}},"4":{"start":{"line":21,"column":8},"end":{"line":21,"column":19}},"5":{"start":{"line":23,"column":8},"end":{"line":35,"column":13}},"6":{"start":{"line":24,"column":12},"end":{"line":34,"column":13}},"7":{"start":{"line":25,"column":16},"end":{"line":28,"column":30}},"8":{"start":{"line":30,"column":16},"end":{"line":33,"column":27}},"9":{"start":{"line":37,"column":8},"end":{"line":39,"column":21}},"10":{"start":{"line":40,"column":8},"end":{"line":53,"column":9}},"11":{"start":{"line":43,"column":12},"end":{"line":46,"column":14}},"12":{"start":{"line":47,"column":12},"end":{"line":47,"column":18}},"13":{"start":{"line":50,"column":12},"end":{"line":51,"column":46}},"14":{"start":{"line":52,"column":12},"end":{"line":52,"column":18}},"15":{"start":{"line":55,"column":8},"end":{"line":55,"column":35}},"16":{"start":{"line":61,"column":4},"end":{"line":63,"column":9}},"17":{"start":{"line":62,"column":8},"end":{"line":62,"column":15}},"18":{"start":{"line":64,"column":4},"end":{"line":77,"column":5}},"19":{"start":{"line":70,"column":8},"end":{"line":70,"column":14}},"20":{"start":{"line":76,"column":8},"end":{"line":76,"column":14}},"21":{"start":{"line":82,"column":4},"end":{"line":84,"column":9}},"22":{"start":{"line":83,"column":8},"end":{"line":83,"column":15}},"23":{"start":{"line":85,"column":4},"end":{"line":194,"column":5}},"24":{"start":{"line":91,"column":8},"end":{"line":99,"column":10}},"25":{"start":{"line":98,"column":12},"end":{"line":98,"column":35}},"26":{"start":{"line":102,"column":8},"end":{"line":104,"column":63}},"27":{"start":{"line":105,"column":8},"end":{"line":105,"column":14}},"28":{"start":{"line":112,"column":8},"end":{"line":121,"column":10},"skip":true},"29":{"start":{"line":119,"column":12},"end":{"line":119,"column":55},"skip":true},"30":{"start":{"line":120,"column":12},"end":{"line":120,"column":48},"skip":true},"31":{"start":{"line":123,"column":8},"end":{"line":136,"column":10},"skip":true},"32":{"start":{"line":130,"column":12},"end":{"line":130,"column":76},"skip":true},"33":{"start":{"line":131,"column":12},"end":{"line":131,"column":73},"skip":true},"34":{"start":{"line":132,"column":12},"end":{"line":132,"column":74},"skip":true},"35":{"start":{"line":133,"column":12},"end":{"line":133,"column":79},"skip":true},"36":{"start":{"line":134,"column":12},"end":{"line":134,"column":25},"skip":true},"37":{"start":{"line":135,"column":12},"end":{"line":135,"column":45},"skip":true},"38":{"start":{"line":138,"column":8},"end":{"line":145,"column":14},"skip":true},"39":{"start":{"line":143,"column":16},"end":{"line":143,"column":29},"skip":true},"40":{"start":{"line":144,"column":16},"end":{"line":144,"column":55},"skip":true},"41":{"start":{"line":147,"column":8},"end":{"line":156,"column":10},"skip":true},"42":{"start":{"line":154,"column":12},"end":{"line":154,"column":25},"skip":true},"43":{"start":{"line":155,"column":12},"end":{"line":155,"column":45},"skip":true},"44":{"start":{"line":158,"column":8},"end":{"line":167,"column":10},"skip":true},"45":{"start":{"line":165,"column":12},"end":{"line":165,"column":25},"skip":true},"46":{"start":{"line":166,"column":12},"end":{"line":166,"column":48},"skip":true},"47":{"start":{"line":169,"column":8},"end":{"line":178,"column":10},"skip":true},"48":{"start":{"line":176,"column":12},"end":{"line":176,"column":25},"skip":true},"49":{"start":{"line":177,"column":12},"end":{"line":177,"column":46},"skip":true},"50":{"start":{"line":180,"column":8},"end":{"line":189,"column":10},"skip":true},"51":{"start":{"line":187,"column":12},"end":{"line":187,"column":94},"skip":true},"52":{"start":{"line":188,"column":12},"end":{"line":188,"column":48},"skip":true},"53":{"start":{"line":192,"column":8},"end":{"line":192,"column":35},"skip":true},"54":{"start":{"line":193,"column":8},"end":{"line":193,"column":14},"skip":true}},"branchMap":{"1":{"line":25,"type":"binary-expr","locations":[{"start":{"line":25,"column":23},"end":{"line":25,"column":62}},{"start":{"line":26,"column":20},"end":{"line":26,"column":70}},{"start":{"line":27,"column":20},"end":{"line":27,"column":71}},{"start":{"line":28,"column":20},"end":{"line":28,"column":29}}]},"2":{"line":30,"type":"binary-expr","locations":[{"start":{"line":30,"column":23},"end":{"line":30,"column":37}},{"start":{"line":31,"column":20},"end":{"line":31,"column":61}},{"start":{"line":32,"column":20},"end":{"line":32,"column":70}},{"start":{"line":33,"column":20},"end":{"line":33,"column":26}}]},"3":{"line":37,"type":"cond-expr","locations":[{"start":{"line":38,"column":14},"end":{"line":38,"column":20}},{"start":{"line":39,"column":14},"end":{"line":39,"column":20}}]},"4":{"line":40,"type":"switch","locations":[{"start":{"line":42,"column":8},"end":{"line":47,"column":18}},{"start":{"line":49,"column":8},"end":{"line":52,"column":18}}]},"5":{"line":44,"type":"binary-expr","locations":[{"start":{"line":44,"column":16},"end":{"line":44,"column":44}},{"start":{"line":44,"column":48},"end":{"line":44,"column":66}}]},"6":{"line":50,"type":"binary-expr","locations":[{"start":{"line":50,"column":21},"end":{"line":50,"column":49}},{"start":{"line":50,"column":53},"end":{"line":50,"column":72}}]},"7":{"line":64,"type":"switch","locations":[{"start":{"line":69,"column":4},"end":{"line":70,"column":14}},{"start":{"line":75,"column":4},"end":{"line":76,"column":14}}]},"8":{"line":85,"type":"switch","locations":[{"start":{"line":90,"column":4},"end":{"line":105,"column":14}},{"start":{"line":111,"column":4},"end":{"line":193,"column":14},"skip":true}]},"9":{"line":91,"type":"binary-expr","locations":[{"start":{"line":91,"column":42},"end":{"line":91,"column":73}},{"start":{"line":91,"column":77},"end":{"line":99,"column":9}}]},"10":{"line":102,"type":"binary-expr","locations":[{"start":{"line":102,"column":18},"end":{"line":102,"column":32}},{"start":{"line":103,"column":12},"end":{"line":103,"column":53}},{"start":{"line":104,"column":12},"end":{"line":104,"column":61}}]},"11":{"line":112,"type":"binary-expr","locations":[{"start":{"line":112,"column":45},"end":{"line":112,"column":79},"skip":true},{"start":{"line":112,"column":83},"end":{"line":121,"column":9},"skip":true}]},"12":{"line":123,"type":"binary-expr","locations":[{"start":{"line":123,"column":42},"end":{"line":123,"column":73},"skip":true},{"start":{"line":123,"column":77},"end":{"line":136,"column":9},"skip":true}]},"13":{"line":138,"type":"binary-expr","locations":[{"start":{"line":138,"column":48},"end":{"line":138,"column":85},"skip":true},{"start":{"line":139,"column":12},"end":{"line":145,"column":13},"skip":true}]},"14":{"line":147,"type":"binary-expr","locations":[{"start":{"line":147,"column":42},"end":{"line":147,"column":73},"skip":true},{"start":{"line":147,"column":77},"end":{"line":156,"column":9},"skip":true}]},"15":{"line":158,"type":"binary-expr","locations":[{"start":{"line":158,"column":45},"end":{"line":158,"column":79},"skip":true},{"start":{"line":158,"column":83},"end":{"line":167,"column":9},"skip":true}]},"16":{"line":169,"type":"binary-expr","locations":[{"start":{"line":169,"column":43},"end":{"line":169,"column":75},"skip":true},{"start":{"line":169,"column":79},"end":{"line":178,"column":9},"skip":true}]},"17":{"line":180,"type":"binary-expr","locations":[{"start":{"line":180,"column":41},"end":{"line":180,"column":71},"skip":true},{"start":{"line":180,"column":75},"end":{"line":189,"column":9},"skip":true}]}},"code":["/* istanbul instrument in package npmtest_tsd */","/*jslint","    bitwise: true,","    browser: true,","    maxerr: 8,","    maxlen: 96,","    node: true,","    nomen: true,","    regexp: true,","    stupid: true","*/","(function () {","    'use strict';","    var local;","","","","    // run shared js-env code - pre-init","    (function () {","        // init local","        local = {};","        // init modeJs","        local.modeJs = (function () {","            try {","                return typeof navigator.userAgent === 'string' &&","                    typeof document.querySelector('body') === 'object' &&","                    typeof XMLHttpRequest.prototype.open === 'function' &&","                    'browser';","            } catch (errorCaughtBrowser) {","                return module.exports &&","                    typeof process.versions.node === 'string' &&","                    typeof require('http').createServer === 'function' &&","                    'node';","            }","        }());","        // init global","        local.global = local.modeJs === 'browser'","            ? window","            : global;","        switch (local.modeJs) {","        // re-init local from window.local","        case 'browser':","            local = local.global.utility2.objectSetDefault(","                local.global.utility2_rollup || local.global.local,","                local.global.utility2","            );","            break;","        // re-init local from example.js","        case 'node':","            local = (local.global.utility2_rollup || require('utility2'))","                .requireExampleJsFromReadme();","            break;","        }","        // export local","        local.global.local = local;","    }());","","","","    // run shared js-env code - function","    (function () {","        return;","    }());","    switch (local.modeJs) {","","","","    // run browser js-env code - function","    case 'browser':","        break;","","","","    // run node js-env code - function","    case 'node':","        break;","    }","","","","    // run shared js-env code - post-init","    (function () {","        return;","    }());","    switch (local.modeJs) {","","","","    // run browser js-env code - post-init","    case 'browser':","        local.testCase_browser_nullCase = local.testCase_browser_nullCase || function (","            options,","            onError","        ) {","        /*","         * this function will test browsers's null-case handling-behavior-behavior","         */","            onError(null, options);","        };","","        // run tests","        local.nop(local.modeTest &&","            document.querySelector('#testRunButton1') &&","            document.querySelector('#testRunButton1').click());","        break;","","","","    // run node js-env code - post-init","    /* istanbul ignore next */","    case 'node':","        local.testCase_buildApidoc_default = local.testCase_buildApidoc_default || function (","            options,","            onError","        ) {","        /*","         * this function will test buildApidoc's default handling-behavior-behavior","         */","            options = { modulePathList: module.paths };","            local.buildApidoc(options, onError);","        };","","        local.testCase_buildApp_default = local.testCase_buildApp_default || function (","            options,","            onError","        ) {","        /*","         * this function will test buildApp's default handling-behavior-behavior","         */","            local.testCase_buildReadme_default(options, local.onErrorThrow);","            local.testCase_buildLib_default(options, local.onErrorThrow);","            local.testCase_buildTest_default(options, local.onErrorThrow);","            local.testCase_buildCustomOrg_default(options, local.onErrorThrow);","            options = [];","            local.buildApp(options, onError);","        };","","        local.testCase_buildCustomOrg_default = local.testCase_buildCustomOrg_default ||","            function (options, onError) {","            /*","             * this function will test buildCustomOrg's default handling-behavior","             */","                options = {};","                local.buildCustomOrg(options, onError);","            };","","        local.testCase_buildLib_default = local.testCase_buildLib_default || function (","            options,","            onError","        ) {","        /*","         * this function will test buildLib's default handling-behavior","         */","            options = {};","            local.buildLib(options, onError);","        };","","        local.testCase_buildReadme_default = local.testCase_buildReadme_default || function (","            options,","            onError","        ) {","        /*","         * this function will test buildReadme's default handling-behavior-behavior","         */","            options = {};","            local.buildReadme(options, onError);","        };","","        local.testCase_buildTest_default = local.testCase_buildTest_default || function (","            options,","            onError","        ) {","        /*","         * this function will test buildTest's default handling-behavior","         */","            options = {};","            local.buildTest(options, onError);","        };","","        local.testCase_webpage_default = local.testCase_webpage_default || function (","            options,","            onError","        ) {","        /*","         * this function will test webpage's default handling-behavior","         */","            options = { modeCoverageMerge: true, url: local.serverLocalHost + '?modeTest=1' };","            local.browserTest(options, onError);","        };","","        // run test-server","        local.testRunServer(local);","        break;","    }","}());",""],"l":{"12":2,"14":2,"19":2,"21":2,"23":2,"24":2,"25":2,"30":1,"37":2,"40":2,"43":1,"47":1,"50":1,"52":1,"55":2,"61":2,"62":2,"64":2,"70":1,"76":1,"82":2,"83":2,"85":2,"91":1,"98":1,"102":1,"105":1,"112":1,"119":1,"120":1,"123":1,"130":1,"131":1,"132":1,"133":1,"134":1,"135":1,"138":1,"143":2,"144":2,"147":1,"154":2,"155":2,"158":1,"165":2,"166":2,"169":1,"176":2,"177":2,"180":1,"187":1,"188":1,"192":1,"193":1}},"/home/travis/build/npmtest/node-npmtest-tsd/lib.npmtest_tsd.js":{"path":"/home/travis/build/npmtest/node-npmtest-tsd/lib.npmtest_tsd.js","s":{"1":2,"2":2,"3":2,"4":2,"5":2,"6":2,"7":2,"8":1,"9":2,"10":2,"11":2,"12":2,"13":1,"14":1,"15":1,"16":1},"b":{"1":[2,1,1,1],"2":[1,1,1,1],"3":[1,1],"4":[2,2],"5":[1,1]},"f":{"1":2,"2":2,"3":2},"fnMap":{"1":{"name":"(anonymous_1)","line":12,"loc":{"start":{"line":12,"column":1},"end":{"line":12,"column":13}}},"2":{"name":"(anonymous_2)","line":19,"loc":{"start":{"line":19,"column":5},"end":{"line":19,"column":17}}},"3":{"name":"(anonymous_3)","line":23,"loc":{"start":{"line":23,"column":24},"end":{"line":23,"column":36}}}},"statementMap":{"1":{"start":{"line":12,"column":0},"end":{"line":53,"column":5}},"2":{"start":{"line":14,"column":4},"end":{"line":14,"column":14}},"3":{"start":{"line":19,"column":4},"end":{"line":52,"column":9}},"4":{"start":{"line":21,"column":8},"end":{"line":21,"column":19}},"5":{"start":{"line":23,"column":8},"end":{"line":35,"column":13}},"6":{"start":{"line":24,"column":12},"end":{"line":34,"column":13}},"7":{"start":{"line":25,"column":16},"end":{"line":28,"column":30}},"8":{"start":{"line":30,"column":16},"end":{"line":33,"column":27}},"9":{"start":{"line":37,"column":8},"end":{"line":39,"column":21}},"10":{"start":{"line":41,"column":8},"end":{"line":41,"column":54}},"11":{"start":{"line":43,"column":8},"end":{"line":43,"column":48}},"12":{"start":{"line":45,"column":8},"end":{"line":51,"column":9}},"13":{"start":{"line":46,"column":12},"end":{"line":46,"column":54}},"14":{"start":{"line":48,"column":12},"end":{"line":48,"column":35}},"15":{"start":{"line":49,"column":12},"end":{"line":49,"column":49}},"16":{"start":{"line":50,"column":12},"end":{"line":50,"column":43}}},"branchMap":{"1":{"line":25,"type":"binary-expr","locations":[{"start":{"line":25,"column":23},"end":{"line":25,"column":62}},{"start":{"line":26,"column":20},"end":{"line":26,"column":70}},{"start":{"line":27,"column":20},"end":{"line":27,"column":71}},{"start":{"line":28,"column":20},"end":{"line":28,"column":29}}]},"2":{"line":30,"type":"binary-expr","locations":[{"start":{"line":30,"column":23},"end":{"line":30,"column":37}},{"start":{"line":31,"column":20},"end":{"line":31,"column":61}},{"start":{"line":32,"column":20},"end":{"line":32,"column":70}},{"start":{"line":33,"column":20},"end":{"line":33,"column":26}}]},"3":{"line":37,"type":"cond-expr","locations":[{"start":{"line":38,"column":14},"end":{"line":38,"column":20}},{"start":{"line":39,"column":14},"end":{"line":39,"column":20}}]},"4":{"line":41,"type":"binary-expr","locations":[{"start":{"line":41,"column":16},"end":{"line":41,"column":44}},{"start":{"line":41,"column":48},"end":{"line":41,"column":53}}]},"5":{"line":45,"type":"if","locations":[{"start":{"line":45,"column":8},"end":{"line":45,"column":8}},{"start":{"line":45,"column":8},"end":{"line":45,"column":8}}]}},"code":["/* istanbul instrument in package npmtest_tsd */","/*jslint","    bitwise: true,","    browser: true,","    maxerr: 8,","    maxlen: 96,","    node: true,","    nomen: true,","    regexp: true,","    stupid: true","*/","(function () {","    'use strict';","    var local;","","","","    // run shared js-env code - pre-init","    (function () {","        // init local","        local = {};","        // init modeJs","        local.modeJs = (function () {","            try {","                return typeof navigator.userAgent === 'string' &&","                    typeof document.querySelector('body') === 'object' &&","                    typeof XMLHttpRequest.prototype.open === 'function' &&","                    'browser';","            } catch (errorCaughtBrowser) {","                return module.exports &&","                    typeof process.versions.node === 'string' &&","                    typeof require('http').createServer === 'function' &&","                    'node';","            }","        }());","        // init global","        local.global = local.modeJs === 'browser'","            ? window","            : global;","        // init utility2_rollup","        local = local.global.utility2_rollup || local;","        // init lib","        local.local = local.npmtest_tsd = local;","        // init exports","        if (local.modeJs === 'browser') {","            local.global.utility2_npmtest_tsd = local;","        } else {","            module.exports = local;","            module.exports.__dirname = __dirname;","            module.exports.module = module;","        }","    }());","}());",""],"l":{"12":2,"14":2,"19":2,"21":2,"23":2,"24":2,"25":2,"30":1,"37":2,"41":2,"43":2,"45":2,"46":1,"48":1,"49":1,"50":1}},"/home/travis/build/npmtest/node-npmtest-tsd/example.js":{"path":"/home/travis/build/npmtest/node-npmtest-tsd/example.js","s":{"1":2,"2":2,"3":2,"4":2,"5":2,"6":2,"7":2,"8":1,"9":2,"10":2,"11":2,"12":2,"13":1,"14":2,"15":2,"16":2,"17":2,"18":2,"19":0,"20":2,"21":1,"22":1,"23":1,"24":1,"25":1,"26":0,"27":0,"28":1,"29":1,"30":2,"31":0,"32":0,"33":0,"34":1,"35":2,"36":2,"37":3,"38":3,"39":3,"40":3,"41":0,"42":3,"43":3,"44":3,"45":1,"46":3,"47":1,"48":1,"49":1,"50":1,"51":1,"52":1,"53":1,"54":1,"55":1,"56":1,"57":0,"58":1,"59":6,"60":6,"61":1,"62":2,"63":0,"64":2,"65":1,"66":1,"67":0,"68":0,"69":0,"70":0,"71":0,"72":0,"73":0,"74":0,"75":0,"76":0,"77":0,"78":0,"79":0,"80":0,"81":0,"82":0,"83":0},"b":{"1":[2,1,1,1],"2":[1,1,1,1],"3":[1,1],"4":[2,2],"5":[1,1],"6":[1,1],"7":[2,0],"8":[2,1,1,1,1,1],"9":[0,2,0],"10":[1,1],"11":[2,1,1],"12":[1,0],"13":[0,2],"14":[2,0,0,0,0,0,0],"15":[0,3],"16":[3,0],"17":[1,1],"18":[0,1],"19":[1,2,0,2],"20":[1,0],"21":[1,1],"22":[0,0],"23":[0,0],"24":[0,0],"25":[0,0],"26":[0,0],"27":[0,0],"28":[0,0]},"f":{"1":2,"2":2,"3":2,"4":2,"5":2,"6":2,"7":3,"8":3,"9":3,"10":1,"11":6,"12":0},"fnMap":{"1":{"name":"(anonymous_1)","line":26,"loc":{"start":{"line":26,"column":1},"end":{"line":26,"column":13}}},"2":{"name":"(anonymous_2)","line":33,"loc":{"start":{"line":33,"column":5},"end":{"line":33,"column":17}}},"3":{"name":"(anonymous_3)","line":37,"loc":{"start":{"line":37,"column":24},"end":{"line":37,"column":36}}},"4":{"name":"(anonymous_4)","line":69,"loc":{"start":{"line":69,"column":31},"end":{"line":69,"column":48}},"skip":true},"5":{"name":"(anonymous_5)","line":78,"loc":{"start":{"line":78,"column":26},"end":{"line":78,"column":45}},"skip":true},"6":{"name":"(anonymous_6)","line":123,"loc":{"start":{"line":123,"column":33},"end":{"line":123,"column":48}},"skip":true},"7":{"name":"(anonymous_7)","line":125,"loc":{"start":{"line":125,"column":27},"end":{"line":125,"column":39}},"skip":true},"8":{"name":"(anonymous_8)","line":133,"loc":{"start":{"line":133,"column":59},"end":{"line":133,"column":74}},"skip":true},"9":{"name":"(anonymous_9)","line":143,"loc":{"start":{"line":143,"column":45},"end":{"line":143,"column":62}},"skip":true},"10":{"name":"(anonymous_10)","line":144,"loc":{"start":{"line":144,"column":73},"end":{"line":144,"column":92}},"skip":true},"11":{"name":"(anonymous_11)","line":272,"loc":{"start":{"line":272,"column":51},"end":{"line":272,"column":77}},"skip":true},"12":{"name":"(anonymous_12)","line":315,"loc":{"start":{"line":315,"column":32},"end":{"line":315,"column":61}},"skip":true}},"statementMap":{"1":{"start":{"line":26,"column":0},"end":{"line":326,"column":5}},"2":{"start":{"line":28,"column":4},"end":{"line":28,"column":14}},"3":{"start":{"line":33,"column":4},"end":{"line":60,"column":9}},"4":{"start":{"line":35,"column":8},"end":{"line":35,"column":19}},"5":{"start":{"line":37,"column":8},"end":{"line":49,"column":13}},"6":{"start":{"line":38,"column":12},"end":{"line":48,"column":13}},"7":{"start":{"line":39,"column":16},"end":{"line":42,"column":30}},"8":{"start":{"line":44,"column":16},"end":{"line":47,"column":27}},"9":{"start":{"line":51,"column":8},"end":{"line":53,"column":21}},"10":{"start":{"line":55,"column":8},"end":{"line":57,"column":45}},"11":{"start":{"line":59,"column":8},"end":{"line":59,"column":35}},"12":{"start":{"line":61,"column":4},"end":{"line":325,"column":5}},"13":{"start":{"line":69,"column":8},"end":{"line":121,"column":10},"skip":true},"14":{"start":{"line":70,"column":12},"end":{"line":88,"column":13},"skip":true},"15":{"start":{"line":76,"column":16},"end":{"line":87,"column":19},"skip":true},"16":{"start":{"line":79,"column":20},"end":{"line":86,"column":21},"skip":true},"17":{"start":{"line":82,"column":24},"end":{"line":82,"column":43},"skip":true},"18":{"start":{"line":83,"column":24},"end":{"line":83,"column":30},"skip":true},"19":{"start":{"line":85,"column":24},"end":{"line":85,"column":49},"skip":true},"20":{"start":{"line":89,"column":12},"end":{"line":107,"column":13},"skip":true},"21":{"start":{"line":92,"column":16},"end":{"line":102,"column":17},"skip":true},"22":{"start":{"line":93,"column":20},"end":{"line":93,"column":86},"skip":true},"23":{"start":{"line":94,"column":20},"end":{"line":95,"column":45},"skip":true},"24":{"start":{"line":96,"column":20},"end":{"line":96,"column":42},"skip":true},"25":{"start":{"line":97,"column":20},"end":{"line":97,"column":48},"skip":true},"26":{"start":{"line":100,"column":20},"end":{"line":100,"column":85},"skip":true},"27":{"start":{"line":101,"column":20},"end":{"line":101,"column":96},"skip":true},"28":{"start":{"line":103,"column":16},"end":{"line":103,"column":22},"skip":true},"29":{"start":{"line":106,"column":16},"end":{"line":106,"column":22},"skip":true},"30":{"start":{"line":108,"column":12},"end":{"line":120,"column":13},"skip":true},"31":{"start":{"line":114,"column":16},"end":{"line":119,"column":17},"skip":true},"32":{"start":{"line":116,"column":20},"end":{"line":116,"column":78},"skip":true},"33":{"start":{"line":118,"column":20},"end":{"line":118,"column":47},"skip":true},"34":{"start":{"line":123,"column":8},"end":{"line":141,"column":11},"skip":true},"35":{"start":{"line":124,"column":12},"end":{"line":124,"column":54},"skip":true},"36":{"start":{"line":125,"column":12},"end":{"line":140,"column":14},"skip":true},"37":{"start":{"line":126,"column":16},"end":{"line":126,"column":28},"skip":true},"38":{"start":{"line":127,"column":16},"end":{"line":127,"column":69},"skip":true},"39":{"start":{"line":128,"column":16},"end":{"line":128,"column":75},"skip":true},"40":{"start":{"line":129,"column":16},"end":{"line":131,"column":17},"skip":true},"41":{"start":{"line":130,"column":20},"end":{"line":130,"column":27},"skip":true},"42":{"start":{"line":133,"column":16},"end":{"line":137,"column":36},"skip":true},"43":{"start":{"line":134,"column":20},"end":{"line":136,"column":55},"skip":true},"44":{"start":{"line":139,"column":16},"end":{"line":139,"column":57},"skip":true},"45":{"start":{"line":143,"column":8},"end":{"line":147,"column":11},"skip":true},"46":{"start":{"line":144,"column":12},"end":{"line":146,"column":15},"skip":true},"47":{"start":{"line":145,"column":16},"end":{"line":145,"column":70},"skip":true},"48":{"start":{"line":149,"column":8},"end":{"line":149,"column":31},"skip":true},"49":{"start":{"line":150,"column":8},"end":{"line":150,"column":14},"skip":true},"50":{"start":{"line":158,"column":8},"end":{"line":158,"column":31},"skip":true},"51":{"start":{"line":160,"column":8},"end":{"line":160,"column":33},"skip":true},"52":{"start":{"line":161,"column":8},"end":{"line":161,"column":37},"skip":true},"53":{"start":{"line":162,"column":8},"end":{"line":162,"column":35},"skip":true},"54":{"start":{"line":164,"column":8},"end":{"line":164,"column":50},"skip":true},"55":{"start":{"line":166,"column":8},"end":{"line":256,"column":2},"skip":true},"56":{"start":{"line":258,"column":8},"end":{"line":286,"column":9},"skip":true},"57":{"start":{"line":259,"column":12},"end":{"line":269,"column":14},"skip":true},"58":{"start":{"line":271,"column":12},"end":{"line":285,"column":19},"skip":true},"59":{"start":{"line":274,"column":20},"end":{"line":274,"column":35},"skip":true},"60":{"start":{"line":275,"column":20},"end":{"line":284,"column":21},"skip":true},"61":{"start":{"line":277,"column":24},"end":{"line":277,"column":64},"skip":true},"62":{"start":{"line":279,"column":24},"end":{"line":279,"column":40},"skip":true},"63":{"start":{"line":281,"column":24},"end":{"line":281,"column":40},"skip":true},"64":{"start":{"line":283,"column":24},"end":{"line":283,"column":39},"skip":true},"65":{"start":{"line":288,"column":8},"end":{"line":290,"column":9},"skip":true},"66":{"start":{"line":289,"column":12},"end":{"line":289,"column":18},"skip":true},"67":{"start":{"line":291,"column":8},"end":{"line":293,"column":54},"skip":true},"68":{"start":{"line":296,"column":8},"end":{"line":301,"column":37},"skip":true},"69":{"start":{"line":303,"column":8},"end":{"line":303,"column":82},"skip":true},"70":{"start":{"line":306,"column":8},"end":{"line":308,"column":9},"skip":true},"71":{"start":{"line":307,"column":12},"end":{"line":307,"column":82},"skip":true},"72":{"start":{"line":310,"column":8},"end":{"line":312,"column":9},"skip":true},"73":{"start":{"line":311,"column":12},"end":{"line":311,"column":18},"skip":true},"74":{"start":{"line":313,"column":8},"end":{"line":313,"column":54},"skip":true},"75":{"start":{"line":314,"column":8},"end":{"line":314,"column":69},"skip":true},"76":{"start":{"line":315,"column":8},"end":{"line":323,"column":36},"skip":true},"77":{"start":{"line":316,"column":12},"end":{"line":316,"column":61},"skip":true},"78":{"start":{"line":317,"column":12},"end":{"line":320,"column":13},"skip":true},"79":{"start":{"line":318,"column":16},"end":{"line":318,"column":75},"skip":true},"80":{"start":{"line":319,"column":16},"end":{"line":319,"column":23},"skip":true},"81":{"start":{"line":321,"column":12},"end":{"line":321,"column":38},"skip":true},"82":{"start":{"line":322,"column":12},"end":{"line":322,"column":27},"skip":true},"83":{"start":{"line":324,"column":8},"end":{"line":324,"column":14},"skip":true}},"branchMap":{"1":{"line":39,"type":"binary-expr","locations":[{"start":{"line":39,"column":23},"end":{"line":39,"column":62}},{"start":{"line":40,"column":20},"end":{"line":40,"column":70}},{"start":{"line":41,"column":20},"end":{"line":41,"column":71}},{"start":{"line":42,"column":20},"end":{"line":42,"column":29}}]},"2":{"line":44,"type":"binary-expr","locations":[{"start":{"line":44,"column":23},"end":{"line":44,"column":37}},{"start":{"line":45,"column":20},"end":{"line":45,"column":61}},{"start":{"line":46,"column":20},"end":{"line":46,"column":70}},{"start":{"line":47,"column":20},"end":{"line":47,"column":26}}]},"3":{"line":51,"type":"cond-expr","locations":[{"start":{"line":52,"column":14},"end":{"line":52,"column":20}},{"start":{"line":53,"column":14},"end":{"line":53,"column":20}}]},"4":{"line":55,"type":"binary-expr","locations":[{"start":{"line":55,"column":16},"end":{"line":55,"column":44}},{"start":{"line":55,"column":49},"end":{"line":57,"column":43}}]},"5":{"line":55,"type":"cond-expr","locations":[{"start":{"line":56,"column":14},"end":{"line":56,"column":47}},{"start":{"line":57,"column":14},"end":{"line":57,"column":43}}]},"6":{"line":61,"type":"switch","locations":[{"start":{"line":68,"column":4},"end":{"line":150,"column":14},"skip":true},{"start":{"line":156,"column":4},"end":{"line":324,"column":14},"skip":true}]},"7":{"line":70,"type":"if","locations":[{"start":{"line":70,"column":12},"end":{"line":70,"column":12},"skip":true},{"start":{"line":70,"column":12},"end":{"line":70,"column":12},"skip":true}]},"8":{"line":70,"type":"binary-expr","locations":[{"start":{"line":70,"column":16},"end":{"line":70,"column":22},"skip":true},{"start":{"line":70,"column":27},"end":{"line":70,"column":32},"skip":true},{"start":{"line":71,"column":20},"end":{"line":71,"column":39},"skip":true},{"start":{"line":72,"column":20},"end":{"line":72,"column":49},"skip":true},{"start":{"line":73,"column":20},"end":{"line":73,"column":58},"skip":true},{"start":{"line":74,"column":20},"end":{"line":74,"column":69},"skip":true}]},"9":{"line":79,"type":"switch","locations":[{"start":{"line":80,"column":20},"end":{"line":80,"column":33},"skip":true},{"start":{"line":81,"column":20},"end":{"line":83,"column":30},"skip":true},{"start":{"line":84,"column":20},"end":{"line":85,"column":49},"skip":true}]},"10":{"line":89,"type":"switch","locations":[{"start":{"line":90,"column":12},"end":{"line":103,"column":22},"skip":true},{"start":{"line":105,"column":12},"end":{"line":106,"column":22},"skip":true}]},"11":{"line":89,"type":"binary-expr","locations":[{"start":{"line":89,"column":20},"end":{"line":89,"column":25},"skip":true},{"start":{"line":89,"column":29},"end":{"line":89,"column":48},"skip":true},{"start":{"line":89,"column":52},"end":{"line":89,"column":74},"skip":true}]},"12":{"line":92,"type":"if","locations":[{"start":{"line":92,"column":16},"end":{"line":92,"column":16},"skip":true},{"start":{"line":92,"column":16},"end":{"line":92,"column":16},"skip":true}]},"13":{"line":108,"type":"if","locations":[{"start":{"line":108,"column":12},"end":{"line":108,"column":12},"skip":true},{"start":{"line":108,"column":12},"end":{"line":108,"column":12},"skip":true}]},"14":{"line":108,"type":"binary-expr","locations":[{"start":{"line":108,"column":16},"end":{"line":108,"column":61},"skip":true},{"start":{"line":108,"column":66},"end":{"line":108,"column":72},"skip":true},{"start":{"line":108,"column":77},"end":{"line":108,"column":82},"skip":true},{"start":{"line":109,"column":20},"end":{"line":109,"column":39},"skip":true},{"start":{"line":110,"column":20},"end":{"line":110,"column":49},"skip":true},{"start":{"line":111,"column":20},"end":{"line":111,"column":58},"skip":true},{"start":{"line":112,"column":20},"end":{"line":112,"column":68},"skip":true}]},"15":{"line":129,"type":"if","locations":[{"start":{"line":129,"column":16},"end":{"line":129,"column":16},"skip":true},{"start":{"line":129,"column":16},"end":{"line":129,"column":16},"skip":true}]},"16":{"line":134,"type":"cond-expr","locations":[{"start":{"line":135,"column":26},"end":{"line":135,"column":29},"skip":true},{"start":{"line":136,"column":26},"end":{"line":136,"column":54},"skip":true}]},"17":{"line":164,"type":"binary-expr","locations":[{"start":{"line":164,"column":27},"end":{"line":164,"column":43},"skip":true},{"start":{"line":164,"column":47},"end":{"line":164,"column":49},"skip":true}]},"18":{"line":258,"type":"if","locations":[{"start":{"line":258,"column":8},"end":{"line":258,"column":8},"skip":true},{"start":{"line":258,"column":8},"end":{"line":258,"column":8},"skip":true}]},"19":{"line":275,"type":"switch","locations":[{"start":{"line":276,"column":20},"end":{"line":277,"column":64},"skip":true},{"start":{"line":278,"column":20},"end":{"line":279,"column":40},"skip":true},{"start":{"line":280,"column":20},"end":{"line":281,"column":40},"skip":true},{"start":{"line":282,"column":20},"end":{"line":283,"column":39},"skip":true}]},"20":{"line":288,"type":"if","locations":[{"start":{"line":288,"column":8},"end":{"line":288,"column":8},"skip":true},{"start":{"line":288,"column":8},"end":{"line":288,"column":8},"skip":true}]},"21":{"line":288,"type":"binary-expr","locations":[{"start":{"line":288,"column":12},"end":{"line":288,"column":40},"skip":true},{"start":{"line":288,"column":44},"end":{"line":288,"column":67},"skip":true}]},"22":{"line":292,"type":"binary-expr","locations":[{"start":{"line":292,"column":12},"end":{"line":292,"column":50},"skip":true},{"start":{"line":293,"column":12},"end":{"line":293,"column":53},"skip":true}]},"23":{"line":297,"type":"binary-expr","locations":[{"start":{"line":297,"column":12},"end":{"line":297,"column":61},"skip":true},{"start":{"line":298,"column":12},"end":{"line":301,"column":36},"skip":true}]},"24":{"line":303,"type":"binary-expr","locations":[{"start":{"line":303,"column":43},"end":{"line":303,"column":75},"skip":true},{"start":{"line":303,"column":79},"end":{"line":303,"column":81},"skip":true}]},"25":{"line":306,"type":"if","locations":[{"start":{"line":306,"column":8},"end":{"line":306,"column":8},"skip":true},{"start":{"line":306,"column":8},"end":{"line":306,"column":8},"skip":true}]},"26":{"line":310,"type":"if","locations":[{"start":{"line":310,"column":8},"end":{"line":310,"column":8},"skip":true},{"start":{"line":310,"column":8},"end":{"line":310,"column":8},"skip":true}]},"27":{"line":313,"type":"binary-expr","locations":[{"start":{"line":313,"column":27},"end":{"line":313,"column":43},"skip":true},{"start":{"line":313,"column":47},"end":{"line":313,"column":53},"skip":true}]},"28":{"line":317,"type":"if","locations":[{"start":{"line":317,"column":12},"end":{"line":317,"column":12},"skip":true},{"start":{"line":317,"column":12},"end":{"line":317,"column":12},"skip":true}]}},"code":["/*","example.js","","quickstart example","","instruction","    1. save this script as example.js","    2. run the shell command:","        $ npm install npmtest-tsd && PORT=8081 node example.js","    3. play with the browser-demo on http://127.0.0.1:8081","*/","","","","/* istanbul instrument in package npmtest_tsd */","/*jslint","    bitwise: true,","    browser: true,","    maxerr: 8,","    maxlen: 96,","    node: true,","    nomen: true,","    regexp: true,","    stupid: true","*/","(function () {","    'use strict';","    var local;","","","","    // run shared js-env code - pre-init","    (function () {","        // init local","        local = {};","        // init modeJs","        local.modeJs = (function () {","            try {","                return typeof navigator.userAgent === 'string' &&","                    typeof document.querySelector('body') === 'object' &&","                    typeof XMLHttpRequest.prototype.open === 'function' &&","                    'browser';","            } catch (errorCaughtBrowser) {","                return module.exports &&","                    typeof process.versions.node === 'string' &&","                    typeof require('http').createServer === 'function' &&","                    'node';","            }","        }());","        // init global","        local.global = local.modeJs === 'browser'","            ? window","            : global;","        // init utility2_rollup","        local = local.global.utility2_rollup || (local.modeJs === 'browser'","            ? local.global.utility2_npmtest_tsd","            : global.utility2_moduleExports);","        // export local","        local.global.local = local;","    }());","    switch (local.modeJs) {","","","","    // post-init","    // run browser js-env code - post-init","    /* istanbul ignore next */","    case 'browser':","        local.testRunBrowser = function (event) {","            if (!event || (event &&","                    event.currentTarget &&","                    event.currentTarget.className &&","                    event.currentTarget.className.includes &&","                    event.currentTarget.className.includes('onreset'))) {","                // reset output","                Array.from(","                    document.querySelectorAll('body > .resettable')","                ).forEach(function (element) {","                    switch (element.tagName) {","                    case 'INPUT':","                    case 'TEXTAREA':","                        element.value = '';","                        break;","                    default:","                        element.textContent = '';","                    }","                });","            }","            switch (event && event.currentTarget && event.currentTarget.id) {","            case 'testRunButton1':","                // show tests","                if (document.querySelector('#testReportDiv1').style.display === 'none') {","                    document.querySelector('#testReportDiv1').style.display = 'block';","                    document.querySelector('#testRunButton1').textContent =","                        'hide internal test';","                    local.modeTest = true;","                    local.testRunDefault(local);","                // hide tests","                } else {","                    document.querySelector('#testReportDiv1').style.display = 'none';","                    document.querySelector('#testRunButton1').textContent = 'run internal test';","                }","                break;","            // custom-case","            default:","                break;","            }","            if (document.querySelector('#inputTextareaEval1') && (!event || (event &&","                    event.currentTarget &&","                    event.currentTarget.className &&","                    event.currentTarget.className.includes &&","                    event.currentTarget.className.includes('oneval')))) {","                // try to eval input-code","                try {","                    /*jslint evil: true*/","                    eval(document.querySelector('#inputTextareaEval1').value);","                } catch (errorCaught) {","                    console.error(errorCaught);","                }","            }","        };","        // log stderr and stdout to #outputTextareaStdout1","        ['error', 'log'].forEach(function (key) {","            console[key + '_original'] = console[key];","            console[key] = function () {","                var element;","                console[key + '_original'].apply(console, arguments);","                element = document.querySelector('#outputTextareaStdout1');","                if (!element) {","                    return;","                }","                // append text to #outputTextareaStdout1","                element.value += Array.from(arguments).map(function (arg) {","                    return typeof arg === 'string'","                        ? arg","                        : JSON.stringify(arg, null, 4);","                }).join(' ') + '\\n';","                // scroll textarea to bottom","                element.scrollTop = element.scrollHeight;","            };","        });","        // init event-handling","        ['change', 'click', 'keyup'].forEach(function (event) {","            Array.from(document.querySelectorAll('.on' + event)).forEach(function (element) {","                element.addEventListener(event, local.testRunBrowser);","            });","        });","        // run tests","        local.testRunBrowser();","        break;","","","","    // run node js-env code - post-init","    /* istanbul ignore next */","    case 'node':","        // export local","        module.exports = local;","        // require modules","        local.fs = require('fs');","        local.http = require('http');","        local.url = require('url');","        // init assets","        local.assetsDict = local.assetsDict || {};","        /* jslint-ignore-begin */","        local.assetsDict['/assets.index.template.html'] = '\\","<!doctype html>\\n\\","<html lang=\"en\">\\n\\","<head>\\n\\","<meta charset=\"UTF-8\">\\n\\","<meta name=\"viewport\" content=\"width=device-width, initial-scale=1\">\\n\\","<title>{{env.npm_package_name}} (v{{env.npm_package_version}})</title>\\n\\","<style>\\n\\","/*csslint\\n\\","    box-sizing: false,\\n\\","    universal-selector: false\\n\\","*/\\n\\","* {\\n\\","    box-sizing: border-box;\\n\\","}\\n\\","body {\\n\\","    background: #dde;\\n\\","    font-family: Arial, Helvetica, sans-serif;\\n\\","    margin: 2rem;\\n\\","}\\n\\","body > * {\\n\\","    margin-bottom: 1rem;\\n\\","}\\n\\",".utility2FooterDiv {\\n\\","    margin-top: 20px;\\n\\","    text-align: center;\\n\\","}\\n\\","</style>\\n\\","<style>\\n\\","/*csslint\\n\\","*/\\n\\","textarea {\\n\\","    font-family: monospace;\\n\\","    height: 10rem;\\n\\","    width: 100%;\\n\\","}\\n\\","textarea[readonly] {\\n\\","    background: #ddd;\\n\\","}\\n\\","</style>\\n\\","</head>\\n\\","<body>\\n\\","<!-- utility2-comment\\n\\","<div id=\"ajaxProgressDiv1\" style=\"background: #d00; height: 2px; left: 0; margin: 0; padding: 0; position: fixed; top: 0; transition: background 0.5s, width 1.5s; width: 25%;\"></div>\\n\\","utility2-comment -->\\n\\","<h1>\\n\\","<!-- utility2-comment\\n\\","    <a\\n\\","        {{#if env.npm_package_homepage}}\\n\\","        href=\"{{env.npm_package_homepage}}\"\\n\\","        {{/if env.npm_package_homepage}}\\n\\","        target=\"_blank\"\\n\\","    >\\n\\","utility2-comment -->\\n\\","        {{env.npm_package_name}} (v{{env.npm_package_version}})\\n\\","<!-- utility2-comment\\n\\","    </a>\\n\\","utility2-comment -->\\n\\","</h1>\\n\\","<h3>{{env.npm_package_description}}</h3>\\n\\","<!-- utility2-comment\\n\\","<h4><a download href=\"assets.app.js\">download standalone app</a></h4>\\n\\","<button class=\"onclick onreset\" id=\"testRunButton1\">run internal test</button><br>\\n\\","<div id=\"testReportDiv1\" style=\"display: none;\"></div>\\n\\","utility2-comment -->\\n\\","\\n\\","\\n\\","\\n\\","<label>stderr and stdout</label>\\n\\","<textarea class=\"resettable\" id=\"outputTextareaStdout1\" readonly></textarea>\\n\\","<!-- utility2-comment\\n\\","{{#if isRollup}}\\n\\","<script src=\"assets.app.js\"></script>\\n\\","{{#unless isRollup}}\\n\\","utility2-comment -->\\n\\","<script src=\"assets.utility2.rollup.js\"></script>\\n\\","<script src=\"jsonp.utility2._stateInit?callback=window.utility2._stateInit\"></script>\\n\\","<script src=\"assets.npmtest_tsd.rollup.js\"></script>\\n\\","<script src=\"assets.example.js\"></script>\\n\\","<script src=\"assets.test.js\"></script>\\n\\","<!-- utility2-comment\\n\\","{{/if isRollup}}\\n\\","utility2-comment -->\\n\\","<div class=\"utility2FooterDiv\">\\n\\","    [ this app was created with\\n\\","    <a href=\"https://github.com/kaizhu256/node-utility2\" target=\"_blank\">utility2</a>\\n\\","    ]\\n\\","</div>\\n\\","</body>\\n\\","</html>\\n\\","';","        /* jslint-ignore-end */","        if (local.templateRender) {","            local.assetsDict['/'] = local.templateRender(","                local.assetsDict['/assets.index.template.html'],","                {","                    env: local.objectSetDefault(local.env, {","                        npm_package_description: 'the greatest app in the world!',","                        npm_package_name: 'my-app',","                        npm_package_nameAlias: 'my_app',","                        npm_package_version: '0.0.1'","                    })","                }","            );","        } else {","            local.assetsDict['/'] = local.assetsDict['/assets.index.template.html']","                .replace((/\\{\\{env\\.(\\w+?)\\}\\}/g), function (match0, match1) {","                    // jslint-hack","                    String(match0);","                    switch (match1) {","                    case 'npm_package_description':","                        return 'the greatest app in the world!';","                    case 'npm_package_name':","                        return 'my-app';","                    case 'npm_package_nameAlias':","                        return 'my_app';","                    case 'npm_package_version':","                        return '0.0.1';","                    }","                });","        }","        // run the cli","        if (local.global.utility2_rollup || module !== require.main) {","            break;","        }","        local.assetsDict['/assets.example.js'] =","            local.assetsDict['/assets.example.js'] ||","            local.fs.readFileSync(__filename, 'utf8');","        // bug-workaround - long $npm_package_buildCustomOrg","        /* jslint-ignore-begin */","        local.assetsDict['/assets.npmtest_tsd.rollup.js'] =","            local.assetsDict['/assets.npmtest_tsd.rollup.js'] ||","            local.fs.readFileSync(","                local.npmtest_tsd.__dirname + '/lib.npmtest_tsd.js',","                'utf8'","            ).replace((/^#!/), '//');","        /* jslint-ignore-end */","        local.assetsDict['/favicon.ico'] = local.assetsDict['/favicon.ico'] || '';","        // if $npm_config_timeout_exit exists,","        // then exit this process after $npm_config_timeout_exit ms","        if (Number(process.env.npm_config_timeout_exit)) {","            setTimeout(process.exit, Number(process.env.npm_config_timeout_exit));","        }","        // start server","        if (local.global.utility2_serverHttp1) {","            break;","        }","        process.env.PORT = process.env.PORT || '8081';","        console.error('server starting on port ' + process.env.PORT);","        local.http.createServer(function (request, response) {","            request.urlParsed = local.url.parse(request.url);","            if (local.assetsDict[request.urlParsed.pathname] !== undefined) {","                response.end(local.assetsDict[request.urlParsed.pathname]);","                return;","            }","            response.statusCode = 404;","            response.end();","        }).listen(process.env.PORT);","        break;","    }","}());",""],"l":{"26":2,"28":2,"33":2,"35":2,"37":2,"38":2,"39":2,"44":1,"51":2,"55":2,"59":2,"61":2,"69":1,"70":2,"76":2,"79":2,"82":2,"83":2,"85":1,"89":2,"92":1,"93":1,"94":1,"96":1,"97":1,"100":1,"101":1,"103":1,"106":1,"108":2,"114":1,"116":1,"118":1,"123":1,"124":2,"125":2,"126":3,"127":3,"128":3,"129":3,"130":1,"133":3,"134":3,"139":3,"143":1,"144":3,"145":1,"149":1,"150":1,"158":1,"160":1,"161":1,"162":1,"164":1,"166":1,"258":1,"259":1,"271":1,"274":6,"275":6,"277":1,"279":2,"281":1,"283":2,"288":1,"289":1,"291":1,"296":1,"303":1,"306":1,"307":1,"310":1,"311":1,"313":1,"314":1,"315":1,"316":1,"317":1,"318":1,"319":1,"321":1,"322":1,"324":1}},"/home/travis/build/npmtest/node-npmtest-tsd/node_modules/tsd/build/api.js":{"path":"/home/travis/build/npmtest/node-npmtest-tsd/node_modules/tsd/build/api.js","s":{"1":1,"2":1,"3":1,"4":1,"5":1,"6":1,"7":1,"8":1,"9":1,"10":1,"11":1,"12":1,"13":1,"14":1,"15":0,"16":0,"17":0,"18":0,"19":1,"20":1},"b":{"1":[0,0]},"f":{"1":0},"fnMap":{"1":{"name":"getAPI","line":15,"loc":{"start":{"line":15,"column":0},"end":{"line":15,"column":37}}}},"statementMap":{"1":{"start":{"line":2,"column":0},"end":{"line":2,"column":39}},"2":{"start":{"line":3,"column":0},"end":{"line":3,"column":31}},"3":{"start":{"line":4,"column":0},"end":{"line":4,"column":42}},"4":{"start":{"line":5,"column":0},"end":{"line":5,"column":40}},"5":{"start":{"line":6,"column":0},"end":{"line":6,"column":51}},"6":{"start":{"line":7,"column":0},"end":{"line":7,"column":43}},"7":{"start":{"line":8,"column":0},"end":{"line":8,"column":46}},"8":{"start":{"line":9,"column":0},"end":{"line":9,"column":62}},"9":{"start":{"line":10,"column":0},"end":{"line":10,"column":58}},"10":{"start":{"line":11,"column":0},"end":{"line":11,"column":58}},"11":{"start":{"line":12,"column":0},"end":{"line":12,"column":64}},"12":{"start":{"line":13,"column":0},"end":{"line":13,"column":48}},"13":{"start":{"line":14,"column":0},"end":{"line":14,"column":45}},"14":{"start":{"line":15,"column":0},"end":{"line":19,"column":1}},"15":{"start":{"line":16,"column":4},"end":{"line":16,"column":48}},"16":{"start":{"line":16,"column":30},"end":{"line":16,"column":46}},"17":{"start":{"line":17,"column":4},"end":{"line":17,"column":50}},"18":{"start":{"line":18,"column":4},"end":{"line":18,"column":61}},"19":{"start":{"line":20,"column":0},"end":{"line":20,"column":24}},"20":{"start":{"line":21,"column":0},"end":{"line":33,"column":2}}},"branchMap":{"1":{"line":16,"type":"if","locations":[{"start":{"line":16,"column":4},"end":{"line":16,"column":4}},{"start":{"line":16,"column":4},"end":{"line":16,"column":4}}]}},"code":["'use strict';","var bootstrap = require('./bootstrap');","var API = require('./tsd/API');","var assertVar = require('./xm/assertVar');","exports.Def = require('./tsd/data/Def');","exports.Context = require('./tsd/context/Context');","exports.Options = require('./tsd/Options');","exports.Query = require('./tsd/select/Query');","exports.CommitMatcher = require('./tsd/select/CommitMatcher');","exports.DateMatcher = require('./tsd/select/DateMatcher');","exports.InfoMatcher = require('./tsd/select/InfoMatcher');","exports.VersionMatcher = require('./tsd/select/VersionMatcher');","exports.defUtil = require('./tsd/util/defUtil');","exports.getContent = require('./getContent');","function getAPI(configPath, verbose) {","    if (verbose === void 0) { verbose = false; }","    assertVar(configPath, 'string', 'configPath');","    return new API(new exports.Context(configPath, verbose));","}","exports.getAPI = getAPI;","[","    bootstrap,","    exports.getContent,","    exports.Def,","    exports.Options,","    exports.Query,","    exports.Context,","    exports.CommitMatcher,","    exports.DateMatcher,","    exports.InfoMatcher,","    exports.VersionMatcher,","    exports.defUtil","];",""],"l":{"2":1,"3":1,"4":1,"5":1,"6":1,"7":1,"8":1,"9":1,"10":1,"11":1,"12":1,"13":1,"14":1,"15":1,"16":0,"17":0,"18":0,"20":1,"21":1}},"/home/travis/build/npmtest/node-npmtest-tsd/node_modules/tsd/build/bootstrap.js":{"path":"/home/travis/build/npmtest/node-npmtest-tsd/node_modules/tsd/build/bootstrap.js","s":{"1":1,"2":1,"3":0,"4":0,"5":0,"6":1,"7":1,"8":0,"9":1},"b":{},"f":{"1":0},"fnMap":{"1":{"name":"(anonymous_1)","line":3,"loc":{"start":{"line":3,"column":37},"end":{"line":3,"column":54}}}},"statementMap":{"1":{"start":{"line":2,"column":0},"end":{"line":2,"column":34}},"2":{"start":{"line":3,"column":0},"end":{"line":7,"column":3}},"3":{"start":{"line":4,"column":4},"end":{"line":4,"column":23}},"4":{"start":{"line":5,"column":4},"end":{"line":5,"column":31}},"5":{"start":{"line":6,"column":4},"end":{"line":6,"column":16}},"6":{"start":{"line":8,"column":0},"end":{"line":13,"column":1}},"7":{"start":{"line":9,"column":4},"end":{"line":9,"column":44}},"8":{"start":{"line":10,"column":4},"end":{"line":10,"column":30}},"9":{"start":{"line":14,"column":0},"end":{"line":14,"column":28}}},"branchMap":{},"code":["'use strict';","var Promise = require('bluebird');","Promise.onPossiblyUnhandledRejection(function (error) {","    console.log('---');","    console.log(error.message);","    throw error;","});","try {","    require('source-map-support').install();","    Promise.longStackTraces();","}","catch (e) {","}","process.setMaxListeners(20);",""],"l":{"2":1,"3":1,"4":0,"5":0,"6":0,"8":1,"9":1,"10":0,"14":1}},"/home/travis/build/npmtest/node-npmtest-tsd/node_modules/tsd/build/tsd/API.js":{"path":"/home/travis/build/npmtest/node-npmtest-tsd/node_modules/tsd/build/tsd/API.js","s":{"1":1,"2":1,"3":1,"4":1,"5":1,"6":1,"7":1,"8":1,"9":1,"10":1,"11":1,"12":1,"13":1,"14":1,"15":1,"16":1,"17":1,"18":1,"19":0,"20":0,"21":0,"22":1,"23":0,"24":0,"25":0,"26":0,"27":0,"28":0,"29":0,"30":0,"31":0,"32":1,"33":0,"34":1,"35":0,"36":1,"37":0,"38":0,"39":0,"40":0,"41":1,"42":0,"43":0,"44":0,"45":0,"46":0,"47":0,"48":0,"49":0,"50":0,"51":0,"52":0,"53":0,"54":0,"55":0,"56":1,"57":0,"58":0,"59":0,"60":0,"61":0,"62":0,"63":0,"64":0,"65":0,"66":0,"67":0,"68":0,"69":0,"70":0,"71":0,"72":0,"73":0,"74":0,"75":0,"76":0,"77":0,"78":0,"79":1,"80":0,"81":0,"82":0,"83":0,"84":0,"85":0,"86":0,"87":0,"88":0,"89":0,"90":0,"91":0,"92":0,"93":0,"94":0,"95":0,"96":1,"97":0,"98":0,"99":0,"100":0,"101":0,"102":0,"103":0,"104":0,"105":0,"106":1,"107":0,"108":0,"109":0,"110":0,"111":0,"112":0,"113":0,"114":0,"115":0,"116":0,"117":1,"118":0,"119":0,"120":1,"121":0,"122":0,"123":1,"124":0,"125":0,"126":1,"127":0,"128":1,"129":0,"130":0,"131":1,"132":0,"133":0,"134":0,"135":0,"136":0,"137":0,"138":0,"139":0,"140":0,"141":0,"142":0,"143":1,"144":0,"145":0,"146":0,"147":0,"148":0,"149":0,"150":0,"151":0,"152":0,"153":0,"154":0,"155":0,"156":0,"157":0,"158":0,"159":0,"160":0,"161":0,"162":0,"163":1,"164":0,"165":0,"166":0,"167":0,"168":0,"169":0,"170":1,"171":1},"b":{"1":[0,0],"2":[0,0],"3":[0,0],"4":[0,0],"5":[0,0],"6":[0,0],"7":[0,0],"8":[0,0],"9":[0,0],"10":[0,0],"11":[0,0,0],"12":[0,0],"13":[0,0],"14":[0,0],"15":[0,0],"16":[0,0],"17":[0,0],"18":[0,0],"19":[0,0],"20":[0,0],"21":[0,0],"22":[0,0],"23":[0,0],"24":[0,0],"25":[0,0],"26":[0,0],"27":[0,0]},"f":{"1":1,"2":0,"3":0,"4":0,"5":0,"6":0,"7":0,"8":0,"9":0,"10":0,"11":0,"12":0,"13":0,"14":0,"15":0,"16":0,"17":0,"18":0,"19":0,"20":0,"21":0,"22":0,"23":0,"24":0,"25":0,"26":0,"27":0,"28":0,"29":0,"30":0,"31":0,"32":0,"33":0,"34":0,"35":0,"36":0,"37":0,"38":0,"39":0,"40":0,"41":0,"42":0,"43":0},"fnMap":{"1":{"name":"(anonymous_1)","line":18,"loc":{"start":{"line":18,"column":11},"end":{"line":18,"column":23}}},"2":{"name":"API","line":19,"loc":{"start":{"line":19,"column":4},"end":{"line":19,"column":26}}},"3":{"name":"(anonymous_3)","line":24,"loc":{"start":{"line":24,"column":31},"end":{"line":24,"column":52}}},"4":{"name":"(anonymous_4)","line":26,"loc":{"start":{"line":26,"column":59},"end":{"line":26,"column":81}}},"5":{"name":"(anonymous_5)","line":32,"loc":{"start":{"line":32,"column":77},"end":{"line":32,"column":89}}},"6":{"name":"(anonymous_6)","line":34,"loc":{"start":{"line":34,"column":15},"end":{"line":34,"column":27}}},"7":{"name":"(anonymous_7)","line":39,"loc":{"start":{"line":39,"column":31},"end":{"line":39,"column":51}}},"8":{"name":"(anonymous_8)","line":42,"loc":{"start":{"line":42,"column":31},"end":{"line":42,"column":43}}},"9":{"name":"(anonymous_9)","line":45,"loc":{"start":{"line":45,"column":27},"end":{"line":45,"column":53}}},"10":{"name":"(anonymous_10)","line":51,"loc":{"start":{"line":51,"column":28},"end":{"line":51,"column":58}}},"11":{"name":"(anonymous_11)","line":59,"loc":{"start":{"line":59,"column":18},"end":{"line":59,"column":37}}},"12":{"name":"(anonymous_12)","line":64,"loc":{"start":{"line":64,"column":16},"end":{"line":64,"column":28}}},"13":{"name":"(anonymous_13)","line":69,"loc":{"start":{"line":69,"column":16},"end":{"line":69,"column":28}}},"14":{"name":"(anonymous_14)","line":73,"loc":{"start":{"line":73,"column":32},"end":{"line":73,"column":58}}},"15":{"name":"(anonymous_15)","line":81,"loc":{"start":{"line":81,"column":22},"end":{"line":81,"column":38}}},"16":{"name":"(anonymous_16)","line":89,"loc":{"start":{"line":89,"column":41},"end":{"line":89,"column":59}}},"17":{"name":"(anonymous_17)","line":100,"loc":{"start":{"line":100,"column":36},"end":{"line":100,"column":54}}},"18":{"name":"(anonymous_18)","line":104,"loc":{"start":{"line":104,"column":30},"end":{"line":104,"column":49}}},"19":{"name":"(anonymous_19)","line":108,"loc":{"start":{"line":108,"column":18},"end":{"line":108,"column":33}}},"20":{"name":"(anonymous_20)","line":110,"loc":{"start":{"line":110,"column":16},"end":{"line":110,"column":28}}},"21":{"name":"(anonymous_21)","line":115,"loc":{"start":{"line":115,"column":16},"end":{"line":115,"column":28}}},"22":{"name":"(anonymous_22)","line":117,"loc":{"start":{"line":117,"column":16},"end":{"line":117,"column":28}}},"23":{"name":"(anonymous_23)","line":120,"loc":{"start":{"line":120,"column":115},"end":{"line":120,"column":138}}},"24":{"name":"(anonymous_24)","line":132,"loc":{"start":{"line":132,"column":27},"end":{"line":132,"column":55}}},"25":{"name":"(anonymous_25)","line":136,"loc":{"start":{"line":136,"column":51},"end":{"line":136,"column":67}}},"26":{"name":"(anonymous_26)","line":140,"loc":{"start":{"line":140,"column":48},"end":{"line":140,"column":69}}},"27":{"name":"(anonymous_27)","line":144,"loc":{"start":{"line":144,"column":25},"end":{"line":144,"column":44}}},"28":{"name":"(anonymous_28)","line":149,"loc":{"start":{"line":149,"column":52},"end":{"line":149,"column":72}}},"29":{"name":"(anonymous_29)","line":150,"loc":{"start":{"line":150,"column":44},"end":{"line":150,"column":70}}},"30":{"name":"(anonymous_30)","line":151,"loc":{"start":{"line":151,"column":88},"end":{"line":151,"column":106}}},"31":{"name":"(anonymous_31)","line":160,"loc":{"start":{"line":160,"column":32},"end":{"line":160,"column":62}}},"32":{"name":"(anonymous_32)","line":164,"loc":{"start":{"line":164,"column":34},"end":{"line":164,"column":58}}},"33":{"name":"(anonymous_33)","line":168,"loc":{"start":{"line":168,"column":33},"end":{"line":168,"column":57}}},"34":{"name":"(anonymous_34)","line":172,"loc":{"start":{"line":172,"column":32},"end":{"line":172,"column":44}}},"35":{"name":"(anonymous_35)","line":175,"loc":{"start":{"line":175,"column":28},"end":{"line":175,"column":45}}},"36":{"name":"(anonymous_36)","line":179,"loc":{"start":{"line":179,"column":27},"end":{"line":179,"column":43}}},"37":{"name":"(anonymous_37)","line":185,"loc":{"start":{"line":185,"column":40},"end":{"line":185,"column":56}}},"38":{"name":"(anonymous_38)","line":195,"loc":{"start":{"line":195,"column":26},"end":{"line":195,"column":42}}},"39":{"name":"(anonymous_39)","line":201,"loc":{"start":{"line":201,"column":33},"end":{"line":201,"column":49}}},"40":{"name":"(anonymous_40)","line":206,"loc":{"start":{"line":206,"column":16},"end":{"line":206,"column":32}}},"41":{"name":"(anonymous_41)","line":207,"loc":{"start":{"line":207,"column":31},"end":{"line":207,"column":53}}},"42":{"name":"(anonymous_42)","line":216,"loc":{"start":{"line":216,"column":33},"end":{"line":216,"column":48}}},"43":{"name":"(anonymous_43)","line":225,"loc":{"start":{"line":225,"column":26},"end":{"line":225,"column":46}}}},"statementMap":{"1":{"start":{"line":2,"column":0},"end":{"line":2,"column":24}},"2":{"start":{"line":3,"column":0},"end":{"line":3,"column":27}},"3":{"start":{"line":4,"column":0},"end":{"line":4,"column":34}},"4":{"start":{"line":5,"column":0},"end":{"line":5,"column":32}},"5":{"start":{"line":6,"column":0},"end":{"line":6,"column":43}},"6":{"start":{"line":7,"column":0},"end":{"line":7,"column":43}},"7":{"start":{"line":8,"column":0},"end":{"line":8,"column":32}},"8":{"start":{"line":9,"column":0},"end":{"line":9,"column":40}},"9":{"start":{"line":10,"column":0},"end":{"line":10,"column":38}},"10":{"start":{"line":11,"column":0},"end":{"line":11,"column":46}},"11":{"start":{"line":12,"column":0},"end":{"line":12,"column":56}},"12":{"start":{"line":13,"column":0},"end":{"line":13,"column":53}},"13":{"start":{"line":14,"column":0},"end":{"line":14,"column":35}},"14":{"start":{"line":15,"column":0},"end":{"line":15,"column":35}},"15":{"start":{"line":16,"column":0},"end":{"line":16,"column":55}},"16":{"start":{"line":17,"column":0},"end":{"line":17,"column":55}},"17":{"start":{"line":18,"column":0},"end":{"line":236,"column":5}},"18":{"start":{"line":19,"column":4},"end":{"line":23,"column":5}},"19":{"start":{"line":20,"column":8},"end":{"line":20,"column":31}},"20":{"start":{"line":21,"column":8},"end":{"line":21,"column":47}},"21":{"start":{"line":22,"column":8},"end":{"line":22,"column":43}},"22":{"start":{"line":24,"column":4},"end":{"line":38,"column":6}},"23":{"start":{"line":25,"column":8},"end":{"line":25,"column":25}},"24":{"start":{"line":26,"column":8},"end":{"line":37,"column":11}},"25":{"start":{"line":27,"column":12},"end":{"line":27,"column":66}},"26":{"start":{"line":28,"column":12},"end":{"line":30,"column":13}},"27":{"start":{"line":29,"column":16},"end":{"line":29,"column":53}},"28":{"start":{"line":31,"column":12},"end":{"line":31,"column":80}},"29":{"start":{"line":32,"column":12},"end":{"line":36,"column":15}},"30":{"start":{"line":33,"column":16},"end":{"line":33,"column":95}},"31":{"start":{"line":35,"column":16},"end":{"line":35,"column":36}},"32":{"start":{"line":39,"column":4},"end":{"line":41,"column":6}},"33":{"start":{"line":40,"column":8},"end":{"line":40,"column":53}},"34":{"start":{"line":42,"column":4},"end":{"line":44,"column":6}},"35":{"start":{"line":43,"column":8},"end":{"line":43,"column":45}},"36":{"start":{"line":45,"column":4},"end":{"line":50,"column":6}},"37":{"start":{"line":46,"column":8},"end":{"line":46,"column":41}},"38":{"start":{"line":47,"column":8},"end":{"line":47,"column":53}},"39":{"start":{"line":48,"column":8},"end":{"line":48,"column":42}},"40":{"start":{"line":49,"column":8},"end":{"line":49,"column":57}},"41":{"start":{"line":51,"column":4},"end":{"line":72,"column":6}},"42":{"start":{"line":52,"column":8},"end":{"line":52,"column":25}},"43":{"start":{"line":53,"column":8},"end":{"line":53,"column":53}},"44":{"start":{"line":54,"column":8},"end":{"line":54,"column":53}},"45":{"start":{"line":55,"column":8},"end":{"line":55,"column":42}},"46":{"start":{"line":56,"column":8},"end":{"line":56,"column":45}},"47":{"start":{"line":57,"column":8},"end":{"line":57,"column":67}},"48":{"start":{"line":58,"column":8},"end":{"line":71,"column":23}},"49":{"start":{"line":60,"column":12},"end":{"line":62,"column":13}},"50":{"start":{"line":61,"column":16},"end":{"line":61,"column":58}},"51":{"start":{"line":63,"column":12},"end":{"line":63,"column":34}},"52":{"start":{"line":65,"column":12},"end":{"line":67,"column":13}},"53":{"start":{"line":66,"column":16},"end":{"line":66,"column":54}},"54":{"start":{"line":68,"column":12},"end":{"line":68,"column":24}},"55":{"start":{"line":70,"column":12},"end":{"line":70,"column":68}},"56":{"start":{"line":73,"column":4},"end":{"line":103,"column":6}},"57":{"start":{"line":74,"column":8},"end":{"line":74,"column":43}},"58":{"start":{"line":75,"column":8},"end":{"line":75,"column":53}},"59":{"start":{"line":76,"column":8},"end":{"line":76,"column":42}},"60":{"start":{"line":77,"column":8},"end":{"line":79,"column":9}},"61":{"start":{"line":78,"column":12},"end":{"line":78,"column":37}},"62":{"start":{"line":80,"column":8},"end":{"line":80,"column":22}},"63":{"start":{"line":81,"column":8},"end":{"line":83,"column":11}},"64":{"start":{"line":82,"column":12},"end":{"line":82,"column":37}},"65":{"start":{"line":84,"column":8},"end":{"line":84,"column":20}},"66":{"start":{"line":85,"column":8},"end":{"line":85,"column":67}},"67":{"start":{"line":86,"column":8},"end":{"line":86,"column":75}},"68":{"start":{"line":87,"column":8},"end":{"line":87,"column":25}},"69":{"start":{"line":88,"column":8},"end":{"line":96,"column":9}},"70":{"start":{"line":89,"column":12},"end":{"line":95,"column":15}},"71":{"start":{"line":90,"column":16},"end":{"line":90,"column":56}},"72":{"start":{"line":91,"column":16},"end":{"line":93,"column":17}},"73":{"start":{"line":92,"column":20},"end":{"line":92,"column":38}},"74":{"start":{"line":94,"column":16},"end":{"line":94,"column":37}},"75":{"start":{"line":97,"column":8},"end":{"line":99,"column":9}},"76":{"start":{"line":98,"column":12},"end":{"line":98,"column":77}},"77":{"start":{"line":100,"column":8},"end":{"line":102,"column":20}},"78":{"start":{"line":101,"column":12},"end":{"line":101,"column":59}},"79":{"start":{"line":104,"column":4},"end":{"line":131,"column":6}},"80":{"start":{"line":105,"column":8},"end":{"line":105,"column":25}},"81":{"start":{"line":106,"column":8},"end":{"line":106,"column":45}},"82":{"start":{"line":107,"column":8},"end":{"line":130,"column":23}},"83":{"start":{"line":109,"column":12},"end":{"line":109,"column":30}},"84":{"start":{"line":111,"column":12},"end":{"line":113,"column":13}},"85":{"start":{"line":112,"column":16},"end":{"line":112,"column":54}},"86":{"start":{"line":114,"column":12},"end":{"line":114,"column":24}},"87":{"start":{"line":116,"column":12},"end":{"line":116,"column":68}},"88":{"start":{"line":118,"column":12},"end":{"line":128,"column":13}},"89":{"start":{"line":119,"column":16},"end":{"line":119,"column":136}},"90":{"start":{"line":120,"column":16},"end":{"line":123,"column":19}},"91":{"start":{"line":121,"column":20},"end":{"line":121,"column":71}},"92":{"start":{"line":122,"column":20},"end":{"line":122,"column":107}},"93":{"start":{"line":126,"column":16},"end":{"line":126,"column":67}},"94":{"start":{"line":127,"column":16},"end":{"line":127,"column":103}},"95":{"start":{"line":129,"column":12},"end":{"line":129,"column":24}},"96":{"start":{"line":132,"column":4},"end":{"line":143,"column":6}},"97":{"start":{"line":133,"column":8},"end":{"line":133,"column":25}},"98":{"start":{"line":134,"column":8},"end":{"line":134,"column":55}},"99":{"start":{"line":134,"column":34},"end":{"line":134,"column":53}},"100":{"start":{"line":135,"column":8},"end":{"line":135,"column":32}},"101":{"start":{"line":136,"column":8},"end":{"line":138,"column":11}},"102":{"start":{"line":137,"column":12},"end":{"line":137,"column":62}},"103":{"start":{"line":139,"column":8},"end":{"line":139,"column":59}},"104":{"start":{"line":140,"column":8},"end":{"line":142,"column":11}},"105":{"start":{"line":141,"column":12},"end":{"line":141,"column":53}},"106":{"start":{"line":144,"column":4},"end":{"line":159,"column":6}},"107":{"start":{"line":145,"column":8},"end":{"line":145,"column":48}},"108":{"start":{"line":146,"column":8},"end":{"line":146,"column":41}},"109":{"start":{"line":147,"column":8},"end":{"line":147,"column":75}},"110":{"start":{"line":148,"column":8},"end":{"line":148,"column":127}},"111":{"start":{"line":149,"column":8},"end":{"line":158,"column":11}},"112":{"start":{"line":150,"column":12},"end":{"line":157,"column":19}},"113":{"start":{"line":151,"column":16},"end":{"line":156,"column":19}},"114":{"start":{"line":152,"column":20},"end":{"line":154,"column":21}},"115":{"start":{"line":153,"column":24},"end":{"line":153,"column":44}},"116":{"start":{"line":155,"column":20},"end":{"line":155,"column":32}},"117":{"start":{"line":160,"column":4},"end":{"line":163,"column":6}},"118":{"start":{"line":161,"column":8},"end":{"line":161,"column":75}},"119":{"start":{"line":162,"column":8},"end":{"line":162,"column":55}},"120":{"start":{"line":164,"column":4},"end":{"line":167,"column":6}},"121":{"start":{"line":165,"column":8},"end":{"line":165,"column":75}},"122":{"start":{"line":166,"column":8},"end":{"line":166,"column":51}},"123":{"start":{"line":168,"column":4},"end":{"line":171,"column":6}},"124":{"start":{"line":169,"column":8},"end":{"line":169,"column":75}},"125":{"start":{"line":170,"column":8},"end":{"line":170,"column":50}},"126":{"start":{"line":172,"column":4},"end":{"line":174,"column":6}},"127":{"start":{"line":173,"column":8},"end":{"line":173,"column":48}},"128":{"start":{"line":175,"column":4},"end":{"line":178,"column":6}},"129":{"start":{"line":176,"column":8},"end":{"line":176,"column":41}},"130":{"start":{"line":177,"column":8},"end":{"line":177,"column":64}},"131":{"start":{"line":179,"column":4},"end":{"line":194,"column":6}},"132":{"start":{"line":180,"column":8},"end":{"line":180,"column":25}},"133":{"start":{"line":181,"column":8},"end":{"line":181,"column":41}},"134":{"start":{"line":182,"column":8},"end":{"line":184,"column":9}},"135":{"start":{"line":183,"column":12},"end":{"line":183,"column":83}},"136":{"start":{"line":185,"column":8},"end":{"line":193,"column":12}},"137":{"start":{"line":186,"column":12},"end":{"line":186,"column":44}},"138":{"start":{"line":187,"column":12},"end":{"line":189,"column":13}},"139":{"start":{"line":188,"column":16},"end":{"line":188,"column":52}},"140":{"start":{"line":190,"column":12},"end":{"line":190,"column":72}},"141":{"start":{"line":191,"column":12},"end":{"line":191,"column":27}},"142":{"start":{"line":192,"column":12},"end":{"line":192,"column":23}},"143":{"start":{"line":195,"column":4},"end":{"line":224,"column":6}},"144":{"start":{"line":196,"column":8},"end":{"line":196,"column":25}},"145":{"start":{"line":197,"column":8},"end":{"line":197,"column":41}},"146":{"start":{"line":198,"column":8},"end":{"line":200,"column":9}},"147":{"start":{"line":199,"column":12},"end":{"line":199,"column":83}},"148":{"start":{"line":201,"column":8},"end":{"line":223,"column":11}},"149":{"start":{"line":202,"column":12},"end":{"line":204,"column":13}},"150":{"start":{"line":203,"column":16},"end":{"line":203,"column":60}},"151":{"start":{"line":205,"column":12},"end":{"line":205,"column":41}},"152":{"start":{"line":207,"column":12},"end":{"line":222,"column":19}},"153":{"start":{"line":208,"column":16},"end":{"line":208,"column":25}},"154":{"start":{"line":209,"column":16},"end":{"line":214,"column":17}},"155":{"start":{"line":210,"column":20},"end":{"line":210,"column":46}},"156":{"start":{"line":212,"column":21},"end":{"line":214,"column":17}},"157":{"start":{"line":213,"column":20},"end":{"line":213,"column":55}},"158":{"start":{"line":215,"column":16},"end":{"line":220,"column":17}},"159":{"start":{"line":216,"column":20},"end":{"line":219,"column":23}},"160":{"start":{"line":217,"column":24},"end":{"line":217,"column":39}},"161":{"start":{"line":218,"column":24},"end":{"line":218,"column":39}},"162":{"start":{"line":221,"column":16},"end":{"line":221,"column":28}},"163":{"start":{"line":225,"column":4},"end":{"line":234,"column":6}},"164":{"start":{"line":226,"column":8},"end":{"line":226,"column":23}},"165":{"start":{"line":227,"column":8},"end":{"line":229,"column":9}},"166":{"start":{"line":228,"column":12},"end":{"line":228,"column":68}},"167":{"start":{"line":230,"column":8},"end":{"line":232,"column":9}},"168":{"start":{"line":231,"column":12},"end":{"line":231,"column":68}},"169":{"start":{"line":233,"column":8},"end":{"line":233,"column":43}},"170":{"start":{"line":235,"column":4},"end":{"line":235,"column":15}},"171":{"start":{"line":237,"column":0},"end":{"line":237,"column":21}}},"branchMap":{"1":{"line":28,"type":"if","locations":[{"start":{"line":28,"column":12},"end":{"line":28,"column":12}},{"start":{"line":28,"column":12},"end":{"line":28,"column":12}}]},"2":{"line":48,"type":"binary-expr","locations":[{"start":{"line":48,"column":18},"end":{"line":48,"column":25}},{"start":{"line":48,"column":29},"end":{"line":48,"column":41}}]},"3":{"line":55,"type":"binary-expr","locations":[{"start":{"line":55,"column":18},"end":{"line":55,"column":25}},{"start":{"line":55,"column":29},"end":{"line":55,"column":41}}]},"4":{"line":60,"type":"if","locations":[{"start":{"line":60,"column":12},"end":{"line":60,"column":12}},{"start":{"line":60,"column":12},"end":{"line":60,"column":12}}]},"5":{"line":65,"type":"if","locations":[{"start":{"line":65,"column":12},"end":{"line":65,"column":12}},{"start":{"line":65,"column":12},"end":{"line":65,"column":12}}]},"6":{"line":76,"type":"binary-expr","locations":[{"start":{"line":76,"column":18},"end":{"line":76,"column":25}},{"start":{"line":76,"column":29},"end":{"line":76,"column":41}}]},"7":{"line":77,"type":"if","locations":[{"start":{"line":77,"column":8},"end":{"line":77,"column":8}},{"start":{"line":77,"column":8},"end":{"line":77,"column":8}}]},"8":{"line":88,"type":"if","locations":[{"start":{"line":88,"column":8},"end":{"line":88,"column":8}},{"start":{"line":88,"column":8},"end":{"line":88,"column":8}}]},"9":{"line":91,"type":"if","locations":[{"start":{"line":91,"column":16},"end":{"line":91,"column":16}},{"start":{"line":91,"column":16},"end":{"line":91,"column":16}}]},"10":{"line":97,"type":"if","locations":[{"start":{"line":97,"column":8},"end":{"line":97,"column":8}},{"start":{"line":97,"column":8},"end":{"line":97,"column":8}}]},"11":{"line":97,"type":"binary-expr","locations":[{"start":{"line":97,"column":13},"end":{"line":97,"column":33}},{"start":{"line":97,"column":37},"end":{"line":97,"column":55}},{"start":{"line":97,"column":60},"end":{"line":97,"column":86}}]},"12":{"line":111,"type":"if","locations":[{"start":{"line":111,"column":12},"end":{"line":111,"column":12}},{"start":{"line":111,"column":12},"end":{"line":111,"column":12}}]},"13":{"line":118,"type":"if","locations":[{"start":{"line":118,"column":12},"end":{"line":118,"column":12}},{"start":{"line":118,"column":12},"end":{"line":118,"column":12}}]},"14":{"line":134,"type":"if","locations":[{"start":{"line":134,"column":8},"end":{"line":134,"column":8}},{"start":{"line":134,"column":8},"end":{"line":134,"column":8}}]},"15":{"line":152,"type":"if","locations":[{"start":{"line":152,"column":20},"end":{"line":152,"column":20}},{"start":{"line":152,"column":20},"end":{"line":152,"column":20}}]},"16":{"line":182,"type":"if","locations":[{"start":{"line":182,"column":8},"end":{"line":182,"column":8}},{"start":{"line":182,"column":8},"end":{"line":182,"column":8}}]},"17":{"line":187,"type":"if","locations":[{"start":{"line":187,"column":12},"end":{"line":187,"column":12}},{"start":{"line":187,"column":12},"end":{"line":187,"column":12}}]},"18":{"line":187,"type":"binary-expr","locations":[{"start":{"line":187,"column":16},"end":{"line":187,"column":29}},{"start":{"line":187,"column":33},"end":{"line":187,"column":89}}]},"19":{"line":198,"type":"if","locations":[{"start":{"line":198,"column":8},"end":{"line":198,"column":8}},{"start":{"line":198,"column":8},"end":{"line":198,"column":8}}]},"20":{"line":202,"type":"if","locations":[{"start":{"line":202,"column":12},"end":{"line":202,"column":12}},{"start":{"line":202,"column":12},"end":{"line":202,"column":12}}]},"21":{"line":209,"type":"if","locations":[{"start":{"line":209,"column":16},"end":{"line":209,"column":16}},{"start":{"line":209,"column":16},"end":{"line":209,"column":16}}]},"22":{"line":209,"type":"binary-expr","locations":[{"start":{"line":209,"column":20},"end":{"line":209,"column":29}},{"start":{"line":209,"column":33},"end":{"line":209,"column":51}}]},"23":{"line":212,"type":"if","locations":[{"start":{"line":212,"column":21},"end":{"line":212,"column":21}},{"start":{"line":212,"column":21},"end":{"line":212,"column":21}}]},"24":{"line":212,"type":"binary-expr","locations":[{"start":{"line":212,"column":25},"end":{"line":212,"column":43}},{"start":{"line":212,"column":47},"end":{"line":212,"column":74}}]},"25":{"line":215,"type":"if","locations":[{"start":{"line":215,"column":16},"end":{"line":215,"column":16}},{"start":{"line":215,"column":16},"end":{"line":215,"column":16}}]},"26":{"line":227,"type":"if","locations":[{"start":{"line":227,"column":8},"end":{"line":227,"column":8}},{"start":{"line":227,"column":8},"end":{"line":227,"column":8}}]},"27":{"line":230,"type":"if","locations":[{"start":{"line":230,"column":8},"end":{"line":230,"column":8}},{"start":{"line":230,"column":8},"end":{"line":230,"column":8}}]}},"code":["'use strict';","require('../bootstrap');","var path = require('path');","var Promise = require('bluebird');","var openInApp = require('open');","var assertVar = require('../xm/assertVar');","var Context = require('./context/Context');","var Def = require('./data/Def');","var defUtil = require('./util/defUtil');","var Query = require('./select/Query');","var Selection = require('./select/Selection');","var VersionMatcher = require('./select/VersionMatcher');","var InstallResult = require('./logic/InstallResult');","var Options = require('./Options');","var Core = require('./logic/Core');","var PackageLinker = require('./support/PackageLinker');","var BundleManager = require('./support/BundleManager');","var API = (function () {","    function API(context) {","        this.context = context;","        assertVar(context, Context, 'context');","        this.core = new Core(this.context);","    }","    API.prototype.initConfig = function (overwrite) {","        var _this = this;","        return this.core.config.initConfig(overwrite).then(function (configPath) {","            configPath = path.relative(process.cwd(), configPath);","            if (!_this.context.config.bundle) {","                return Promise.resolve([configPath]);","            }","            var manager = new BundleManager(_this.core.context.getTypingsDir());","            return manager.saveEmptyBundle(_this.context.config.bundle).then(function () {","                return [configPath, path.relative(process.cwd(), _this.context.config.bundle)];","            }, function () {","                return [configPath];","            });","        });","    };","    API.prototype.readConfig = function (optional) {","        return this.core.config.readConfig(optional);","   
[...]
,"7":{"name":"(anonymous_7)","line":36,"loc":{"start":{"line":36,"column":35},"end":{"line":36,"column":51}}},"8":{"name":"(anonymous_8)","line":45,"loc":{"start":{"line":45,"column":44},"end":{"line":45,"column":63}}},"9":{"name":"(anonymous_9)","line":64,"loc":{"start":{"line":64,"column":42},"end":{"line":64,"column":54}}},"10":{"name":"(anonymous_10)","line":67,"loc":{"start":{"line":67,"column":15},"end":{"line":67,"column":31}}}},"statementMap":{"1":{"start":{"line":2,"column":0},"end":{"line":2,"column":40}},"2":{"start":{"line":3,"column":0},"end":{"line":3,"column":40}},"3":{"start":{"line":4,"column":0},"end":{"line":4,"column":46}},"4":{"start":{"line":5,"column":0},"end":{"line":5,"column":46}},"5":{"start":{"line":6,"column":0},"end":{"line":6,"column":43}},"6":{"start":{"line":7,"column":0},"end":{"line":7,"column":41}},"7":{"start":{"line":8,"column":0},"end":{"line":8,"column":50}},"8":{"start":{"line":9,"column":0},"end":{"line":19,"column":2}},"9":{"start":{"line":11,"column":8},"end":{"line":11,"column":91}},"10":{"start":{"line":15,"column":8},"end":{"line":15,"column":90}},"11":{"start":{"line":20,"column":0},"end":{"line":81,"column":5}},"12":{"start":{"line":21,"column":4},"end":{"line":26,"column":5}},"13":{"start":{"line":22,"column":8},"end":{"line":22,"column":30}},"14":{"start":{"line":23,"column":8},"end":{"line":25,"column":9}},"15":{"start":{"line":24,"column":12},"end":{"line":24,"column":42}},"16":{"start":{"line":27,"column":4},"end":{"line":32,"column":6}},"17":{"start":{"line":28,"column":8},"end":{"line":30,"column":9}},"18":{"start":{"line":29,"column":12},"end":{"line":29,"column":24}},"19":{"start":{"line":31,"column":8},"end":{"line":31,"column":49}},"20":{"start":{"line":33,"column":4},"end":{"line":35,"column":6}},"21":{"start":{"line":34,"column":8},"end":{"line":34,"column":46}},"22":{"start":{"line":36,"column":4},"end":{"line":44,"column":6}},"23":{"start":{"line":37,"column":8},"end":{"line":42,"column":9}},"24":{"start":{"line":38,"column":12},"end":{"line":38,"column":73}},"25":{"start":{"line":39,"column":12},"end":{"line":41,"column":13}},"26":{"start":{"line":40,"column":16},"end":{"line":40,"column":45}},"27":{"start":{"line":43,"column":8},"end":{"line":43,"column":20}},"28":{"start":{"line":45,"column":4},"end":{"line":63,"column":6}},"29":{"start":{"line":46,"column":8},"end":{"line":46,"column":48}},"30":{"start":{"line":47,"column":8},"end":{"line":47,"column":30}},"31":{"start":{"line":48,"column":8},"end":{"line":50,"column":9}},"32":{"start":{"line":49,"column":12},"end":{"line":49,"column":19}},"33":{"start":{"line":51,"column":8},"end":{"line":51,"column":30}},"34":{"start":{"line":52,"column":8},"end":{"line":52,"column":18}},"35":{"start":{"line":53,"column":8},"end":{"line":62,"column":9}},"36":{"start":{"line":54,"column":12},"end":{"line":54,"column":62}},"37":{"start":{"line":55,"column":12},"end":{"line":55,"column":116}},"38":{"start":{"line":56,"column":12},"end":{"line":56,"column":38}},"39":{"start":{"line":57,"column":12},"end":{"line":57,"column":63}},"40":{"start":{"line":58,"column":12},"end":{"line":58,"column":76}},"41":{"start":{"line":59,"column":12},"end":{"line":59,"column":37}},"42":{"start":{"line":60,"column":12},"end":{"line":60,"column":52}},"43":{"start":{"line":61,"column":12},"end":{"line":61,"column":40}},"44":{"start":{"line":64,"column":4},"end":{"line":79,"column":6}},"45":{"start":{"line":65,"column":8},"end":{"line":65,"column":25}},"46":{"start":{"line":66,"column":8},"end":{"line":66,"column":42}},"47":{"start":{"line":67,"column":8},"end":{"line":78,"column":10}},"48":{"start":{"line":68,"column":12},"end":{"line":68,"column":46}},"49":{"start":{"line":69,"column":12},"end":{"line":71,"column":13}},"50":{"start":{"line":70,"column":16},"end":{"line":70,"column":29}},"51":{"start":{"line":72,"column":12},"end":{"line":76,"column":13}},"52":{"start":{"line":73,"column":16},"end":{"line":75,"column":17}},"53":{"start":{"line":74,"column":20},"end":{"line":74,"column":33}},"54":{"start":{"line":77,"column":12},"end":{"line":77,"column":24}},"55":{"start":{"line":80,"column":4},"end":{"line":80,"column":23}},"56":{"start":{"line":82,"column":0},"end":{"line":82,"column":29}}},"branchMap":{"1":{"line":11,"type":"binary-expr","locations":[{"start":{"line":11,"column":15},"end":{"line":11,"column":51}},{"start":{"line":11,"column":55},"end":{"line":11,"column":90}}]},"2":{"line":15,"type":"binary-expr","locations":[{"start":{"line":15,"column":15},"end":{"line":15,"column":50}},{"start":{"line":15,"column":54},"end":{"line":15,"column":89}}]},"3":{"line":23,"type":"if","locations":[{"start":{"line":23,"column":8},"end":{"line":23,"column":8}},{"start":{"line":23,"column":8},"end":{"line":23,"column":8}}]},"4":{"line":28,"type":"if","locations":[{"start":{"line":28,"column":8},"end":{"line":28,"column":8}},{"start":{"line":28,"column":8},"end":{"line":28,"column":8}}]},"5":{"line":37,"type":"if","locations":[{"start":{"line":37,"column":8},"end":{"line":37,"column":8}},{"start":{"line":37,"column":8},"end":{"line":37,"column":8}}]},"6":{"line":39,"type":"if","locations":[{"start":{"line":39,"column":12},"end":{"line":39,"column":12}},{"start":{"line":39,"column":12},"end":{"line":39,"column":12}}]},"7":{"line":48,"type":"if","locations":[{"start":{"line":48,"column":8},"end":{"line":48,"column":8}},{"start":{"line":48,"column":8},"end":{"line":48,"column":8}}]},"8":{"line":69,"type":"if","locations":[{"start":{"line":69,"column":12},"end":{"line":69,"column":12}},{"start":{"line":69,"column":12},"end":{"line":69,"column":12}}]},"9":{"line":73,"type":"if","locations":[{"start":{"line":73,"column":16},"end":{"line":73,"column":16}},{"start":{"line":73,"column":16},"end":{"line":73,"column":16}}]}},"code":["'use strict';","var typeOf = require('../../xm/typeOf');","var assert = require('../../xm/assert');","var assertVar = require('../../xm/assertVar');","var dateUtils = require('../../xm/dateUtils');","var DateComp = require('../util/DateComp');","var defUtil = require('../util/defUtil');","var termExp = /(>=?|<=?|==) *(\\d+[\\d:;_ \\-]+\\d)/g;","var comparators = {","    '<=': function lte(date1, date2) {","        return dateUtils.isBeforeDate(date1, date2) || dateUtils.isEqualDate(date1, date2);","    },","    '<': dateUtils.isBeforeDate,","    '>=': function gte(date1, date2) {","        return dateUtils.isAfterDate(date1, date2) || dateUtils.isEqualDate(date1, date2);","    },","    '>': dateUtils.isAfterDate,","    '==': dateUtils.isEqualDate","};","var DateMatcher = (function () {","    function DateMatcher(pattern) {","        this.comparators = [];","        if (pattern) {","            this.extractSelector(pattern);","        }","    }","    DateMatcher.prototype.filter = function (list) {","        if (this.comparators.length === 0) {","            return list;","        }","        return list.filter(this.getFilterFunc());","    };","    DateMatcher.prototype.best = function (list) {","        return this.latest(this.filter(list));","    };","    DateMatcher.prototype.latest = function (list) {","        if (this.comparators.length > 0) {","            var list = this.filter(list).sort(defUtil.fileCommitCompare);","            if (list.length > 0) {","                return list[list.length - 1];","            }","        }","        return null;","    };","    DateMatcher.prototype.extractSelector = function (pattern) {","        assertVar(pattern, 'string', 'pattern');","        this.comparators = [];","        if (!pattern) {","            return;","        }","        termExp.lastIndex = 0;","        var match;","        while ((match = termExp.exec(pattern))) {","            termExp.lastIndex = match.index + match[0].length;","            assert(typeOf.hasOwnProp(comparators, match[1]), 'not a valid date comparator in filter {a}', match[0]);","            var comp = new DateComp();","            comp.date = new Date(match[2].replace(/;_/g, ' '));","            assert(!!comp.date, 'not a valid date in filter {a}', match[0]);","            comp.operator = match[1];","            comp.comparator = comparators[match[1]];","            this.comparators.push(comp);","        }","    };","    DateMatcher.prototype.getFilterFunc = function () {","        var _this = this;","        var len = this.comparators.length;","        return function (file) {","            var date = file.commit.changeDate;","            if (!date) {","                return false;","            }","            for (var i = 0; i < len; i++) {","                if (!_this.comparators[i].satisfies(date)) {","                    return false;","                }","            }","            return true;","        };","    };","    return DateMatcher;","})();","module.exports = DateMatcher;",""],"l":{"2":1,"3":1,"4":1,"5":1,"6":1,"7":1,"8":1,"9":1,"11":0,"15":0,"20":1,"21":1,"22":0,"23":0,"24":0,"27":1,"28":0,"29":0,"31":0,"33":1,"34":0,"36":1,"37":0,"38":0,"39":0,"40":0,"43":0,"45":1,"46":0,"47":0,"48":0,"49":0,"51":0,"52":0,"53":0,"54":0,"55":0,"56":0,"57":0,"58":0,"59":0,"60":0,"61":0,"64":1,"65":0,"66":0,"67":0,"68":0,"69":0,"70":0,"72":0,"73":0,"74":0,"77":0,"80":1,"82":1}},"/home/travis/build/npmtest/node-npmtest-tsd/node_modules/tsd/build/tsd/util/DateComp.js":{"path":"/home/travis/build/npmtest/node-npmtest-tsd/node_modules/tsd/build/tsd/util/DateComp.js","s":{"1":1,"2":1,"3":1,"4":0,"5":1,"6":1},"b":{},"f":{"1":1,"2":0,"3":0},"fnMap":{"1":{"name":"(anonymous_1)","line":2,"loc":{"start":{"line":2,"column":16},"end":{"line":2,"column":28}}},"2":{"name":"DateComp","line":3,"loc":{"start":{"line":3,"column":4},"end":{"line":3,"column":24}}},"3":{"name":"(anonymous_3)","line":5,"loc":{"start":{"line":5,"column":35},"end":{"line":5,"column":51}}}},"statementMap":{"1":{"start":{"line":2,"column":0},"end":{"line":9,"column":5}},"2":{"start":{"line":3,"column":4},"end":{"line":4,"column":5}},"3":{"start":{"line":5,"column":4},"end":{"line":7,"column":6}},"4":{"start":{"line":6,"column":8},"end":{"line":6,"column":48}},"5":{"start":{"line":8,"column":4},"end":{"line":8,"column":20}},"6":{"start":{"line":10,"column":0},"end":{"line":10,"column":26}}},"branchMap":{},"code":["'use strict';","var DateComp = (function () {","    function DateComp() {","    }","    DateComp.prototype.satisfies = function (date) {","        return this.comparator(date, this.date);","    };","    return DateComp;","})();","module.exports = DateComp;",""],"l":{"2":1,"3":1,"5":1,"6":0,"8":1,"10":1}},"/home/travis/build/npmtest/node-npmtest-tsd/node_modules/tsd/build/tsd/select/InfoMatcher.js":{"path":"/home/travis/build/npmtest/node-npmtest-tsd/node_modules/tsd/build/tsd/select/InfoMatcher.js","s":{"1":1,"2":1,"3":1,"4":0,"5":1,"6":1},"b":{},"f":{"1":1,"2":0,"3":0},"fnMap":{"1":{"name":"(anonymous_1)","line":2,"loc":{"start":{"line":2,"column":19},"end":{"line":2,"column":31}}},"2":{"name":"InfoMatcher","line":3,"loc":{"start":{"line":3,"column":4},"end":{"line":3,"column":27}}},"3":{"name":"(anonymous_3)","line":5,"loc":{"start":{"line":5,"column":35},"end":{"line":5,"column":51}}}},"statementMap":{"1":{"start":{"line":2,"column":0},"end":{"line":9,"column":5}},"2":{"start":{"line":3,"column":4},"end":{"line":4,"column":5}},"3":{"start":{"line":5,"column":4},"end":{"line":7,"column":6}},"4":{"start":{"line":6,"column":8},"end":{"line":6,"column":20}},"5":{"start":{"line":8,"column":4},"end":{"line":8,"column":23}},"6":{"start":{"line":10,"column":0},"end":{"line":10,"column":29}}},"branchMap":{},"code":["'use strict';","var InfoMatcher = (function () {","    function InfoMatcher() {","    }","    InfoMatcher.prototype.filter = function (list) {","        return list;","    };","    return InfoMatcher;","})();","module.exports = InfoMatcher;",""],"l":{"2":1,"3":1,"5":1,"6":0,"8":1,"10":1}},"/home/travis/build/npmtest/node-npmtest-tsd/node_modules/tsd/build/getContent.js":{"path":"/home/travis/build/npmtest/node-npmtest-tsd/node_modules/tsd/build/getContent.js","s":{"1":1,"2":1,"3":1,"4":0,"5":0,"6":0,"7":0,"8":1,"9":0,"10":0,"11":0,"12":0,"13":0,"14":0,"15":0,"16":0,"17":0,"18":0,"19":0,"20":0,"21":0,"22":0,"23":0,"24":0,"25":0,"26":0,"27":0,"28":0,"29":0,"30":0,"31":0,"32":0,"33":0,"34":0,"35":0,"36":1},"b":{"1":[0,0],"2":[0,0],"3":[0,0],"4":[0,0],"5":[0,0],"6":[0,0],"7":[0,0],"8":[0,0]},"f":{"1":0,"2":0,"3":0,"4":0,"5":0,"6":0,"7":0,"8":0,"9":0},"fnMap":{"1":{"name":"getAPI","line":4,"loc":{"start":{"line":4,"column":0},"end":{"line":4,"column":25}}},"2":{"name":"getContent","line":11,"loc":{"start":{"line":11,"column":0},"end":{"line":11,"column":29}}},"3":{"name":"(anonymous_3)","line":13,"loc":{"start":{"line":13,"column":38},"end":{"line":13,"column":50}}},"4":{"name":"(anonymous_4)","line":21,"loc":{"start":{"line":21,"column":12},"end":{"line":21,"column":33}}},"5":{"name":"(anonymous_5)","line":22,"loc":{"start":{"line":22,"column":44},"end":{"line":22,"column":59}}},"6":{"name":"(anonymous_6)","line":24,"loc":{"start":{"line":24,"column":44},"end":{"line":24,"column":59}}},"7":{"name":"(anonymous_7)","line":35,"loc":{"start":{"line":35,"column":61},"end":{"line":35,"column":76}}},"8":{"name":"(anonymous_8)","line":46,"loc":{"start":{"line":46,"column":48},"end":{"line":46,"column":63}}},"9":{"name":"(anonymous_9)","line":56,"loc":{"start":{"line":56,"column":12},"end":{"line":56,"column":31}}}},"statementMap":{"1":{"start":{"line":2,"column":0},"end":{"line":2,"column":27}},"2":{"start":{"line":3,"column":0},"end":{"line":3,"column":27}},"3":{"start":{"line":4,"column":0},"end":{"line":10,"column":1}},"4":{"start":{"line":5,"column":4},"end":{"line":5,"column":58}},"5":{"start":{"line":6,"column":4},"end":{"line":8,"column":5}},"6":{"start":{"line":7,"column":8},"end":{"line":7,"column":68}},"7":{"start":{"line":9,"column":4},"end":{"line":9,"column":15}},"8":{"start":{"line":11,"column":0},"end":{"line":69,"column":1}},"9":{"start":{"line":12,"column":4},"end":{"line":12,"column":30}},"10":{"start":{"line":13,"column":4},"end":{"line":68,"column":7}},"11":{"start":{"line":14,"column":8},"end":{"line":14,"column":37}},"12":{"start":{"line":15,"column":8},"end":{"line":15,"column":41}},"13":{"start":{"line":16,"column":8},"end":{"line":16,"column":36}},"14":{"start":{"line":17,"column":8},"end":{"line":17,"column":34}},"15":{"start":{"line":18,"column":8},"end":{"line":18,"column":37}},"16":{"start":{"line":19,"column":8},"end":{"line":19,"column":31}},"17":{"start":{"line":20,"column":8},"end":{"line":20,"column":39}},"18":{"start":{"line":22,"column":8},"end":{"line":55,"column":11}},"19":{"start":{"line":23,"column":12},"end":{"line":23,"column":47}},"20":{"start":{"line":25,"column":12},"end":{"line":30,"column":14}},"21":{"start":{"line":31,"column":12},"end":{"line":33,"column":13}},"22":{"start":{"line":32,"column":16},"end":{"line":32,"column":41}},"23":{"start":{"line":34,"column":12},"end":{"line":44,"column":13}},"24":{"start":{"line":35,"column":16},"end":{"line":43,"column":19}},"25":{"start":{"line":36,"column":20},"end":{"line":41,"column":22}},"26":{"start":{"line":42,"column":20},"end":{"line":42,"column":31}},"27":{"start":{"line":45,"column":12},"end":{"line":53,"column":13}},"28":{"start":{"line":46,"column":16},"end":{"line":52,"column":19}},"29":{"start":{"line":47,"column":20},"end":{"line":50,"column":22}},"30":{"start":{"line":51,"column":20},"end":{"line":51,"column":31}},"31":{"start":{"line":54,"column":12},"end":{"line":54,"column":23}},"32":{"start":{"line":57,"column":8},"end":{"line":62,"column":10}},"33":{"start":{"line":63,"column":8},"end":{"line":65,"column":10}},"34":{"start":{"line":66,"column":8},"end":{"line":66,"column":30}},"35":{"start":{"line":67,"column":8},"end":{"line":67,"column":19}},"36":{"start":{"line":70,"column":0},"end":{"line":70,"column":28}}},"branchMap":{"1":{"line":6,"type":"if","locations":[{"start":{"line":6,"column":4},"end":{"line":6,"column":4}},{"start":{"line":6,"column":4},"end":{"line":6,"column":4}}]},"2":{"line":23,"type":"binary-expr","locations":[{"start":{"line":23,"column":19},"end":{"line":23,"column":32}},{"start":{"line":23,"column":36},"end":{"line":23,"column":46}}]},"3":{"line":29,"type":"binary-expr","locations":[{"start":{"line":29,"column":25},"end":{"line":29,"column":35}},{"start":{"line":29,"column":39},"end":{"line":29,"column":47}}]},"4":{"line":31,"type":"if","locations":[{"start":{"line":31,"column":12},"end":{"line":31,"column":12}},{"start":{"line":31,"column":12},"end":{"line":31,"column":12}}]},"5":{"line":34,"type":"if","locations":[{"start":{"line":34,"column":12},"end":{"line":34,"column":12}},{"start":{"line":34,"column":12},"end":{"line":34,"column":12}}]},"6":{"line":40,"type":"binary-expr","locations":[{"start":{"line":40,"column":33},"end":{"line":40,"column":43}},{"start":{"line":40,"column":47},"end":{"line":40,"column":55}}]},"7":{"line":45,"type":"if","locations":[{"start":{"line":45,"column":12},"end":{"line":45,"column":12}},{"start":{"line":45,"column":12},"end":{"line":45,"column":12}}]},"8":{"line":49,"type":"binary-expr","locations":[{"start":{"line":49,"column":33},"end":{"line":49,"column":43}},{"start":{"line":49,"column":47},"end":{"line":49,"column":51}}]}},"code":["'use strict';","var path = require('path');","var tsd = require('./api');","function getAPI(options) {","    var api = tsd.getAPI(options.config, options.verbose);","    if (options.cacheDir) {","        api.context.paths.cacheDir = path.resolve(options.cacheDir);","    }","    return api;","}","function getContent(options) {","    var api = getAPI(options);","    return api.readConfig(false).then(function () {","        var opts = new tsd.Options();","        opts.resolveDependencies = false;","        var query = new tsd.Query();","        query.addNamePattern('*');","        query.setVersionRange('all');","        query.parseInfo = true;","        return api.select(query, opts);","    }).then(function (selection) {","        return selection.definitions.filter(function (def) {","            return !def.isLegacy && def.isMain;","        }).sort(tsd.defUtil.defCompare).map(function (def) {","            var ret = {","                project: def.project,","                name: def.name,","                path: def.path,","                semver: (def.semver || 'latest')","            };","            if (def.head.info) {","                ret.info = def.head.info;","            }","            if (def.head.dependencies) {","                ret.dependencies = def.head.dependencies.map(function (dep) {","                    var ret = {","                        project: dep.project,","                        name: dep.name,","                        path: dep.path,","                        semver: (dep.semver || 'latest')","                    };","                    return ret;","                });","            }","            if (def.releases) {","                ret.releases = def.releases.map(function (rel) {","                    var ret = {","                        path: rel.path,","                        semver: (rel.semver || null)","                    };","                    return ret;","                });","            }","            return ret;","        });","    }).then(function (content) {","        var ret = {","            repo: api.context.config.repo,","            ref: api.context.config.ref,","            count: content.length,","            time: new Date().toISOString()","        };","        ret.urls = {","            def: 'https://github.com/' + ret.repo + '/blob/' + ret.ref + '/{path}'","        };","        ret.content = content;","        return ret;","    });","}","module.exports = getContent;",""],"l":{"2":1,"3":1,"4":1,"5":0,"6":0,"7":0,"9":0,"11":1,"12":0,"13":0,"14":0,"15":0,"16":0,"17":0,"18":0,"19":0,"20":0,"22":0,"23":0,"25":0,"31":0,"32":0,"34":0,"35":0,"36":0,"42":0,"45":0,"46":0,"47":0,"51":0,"54":0,"57":0,"63":0,"66":0,"67":0,"70":1}}}